INFO:GATCF2:|2024-04-03 23:37:42| {'ablation': 0,
 'bs': 256,
 'classification': 0,
 'config_path': '/Users/zengyuxiang/Documents/科研代码/HyperCF/utils/../default_config.yaml',
 'dataset': 'rt',
 'debug': 0,
 'decay': 0.0001,
 'density': 0.1,
 'device': 'cpu',
 'dimension': 32,
 'epochs': 300,
 'experiment': 0,
 'head_num': 2,
 'hyperNum': 128,
 'log': <utils.logger.Logger object at 0x7fce0002e670>,
 'logger': 'Run',
 'loss_func': 'L1Loss',
 'lr': 0.001,
 'model': 'GATCF2',
 'num_layers': 2,
 'optim': 'AdamW',
 'order': 2,
 'path': './datasets/',
 'patience': 10,
 'program_test': 0,
 'record': 0,
 'rounds': 5,
 'saved': 1,
 'seed': 0,
 'serv_num': 5825,
 'user_num': 339,
 'verbose': 1
INFO:GATCF2:|2024-04-03 23:37:42| ********************Experiment Start*******************
INFO:GATCF2:|2024-04-03 23:38:38| {'ablation': 0,
 'bs': 256,
 'classification': 0,
 'config_path': '/Users/zengyuxiang/Documents/科研代码/HyperCF/utils/../default_config.yaml',
 'dataset': 'rt',
 'debug': 0,
 'decay': 0.001,
 'density': 0.1,
 'device': 'cpu',
 'dimension': 32,
 'epochs': 300,
 'experiment': 0,
 'head_num': 2,
 'hyperNum': 128,
 'log': <utils.logger.Logger object at 0x7fb8a95da9d0>,
 'logger': 'Experiment',
 'loss_func': 'L1Loss',
 'lr': 0.001,
 'model': 'GATCF2',
 'num_layers': 2,
 'optim': 'AdamW',
 'order': 2,
 'path': './datasets/',
 'patience': 10,
 'program_test': 0,
 'record': 0,
 'rounds': 5,
 'saved': 1,
 'seed': 0,
 'serv_num': 5825,
 'user_num': 339,
 'verbose': 1
INFO:GATCF2:|2024-04-03 23:38:38| ********************Experiment Start*******************
INFO:GATCF2:|2024-04-03 23:53:50| Round=1 BestEpoch=34 MAE=0.3271 RMSE=1.2257 NMAE=0.3601 NRMSE=0.5646 Training_time=617.0 
INFO:GATCF2:|2024-04-03 23:53:50| Acc = [1%=0.0461, 5%=0.2139, 10%=0.3756]
INFO:GATCF2:|2024-04-03 23:59:32| {'ablation': 0,
 'agg': 'mean',
 'bs': 256,
 'classification': 0,
 'config_path': '/Users/zengyuxiang/Documents/科研代码/HyperCF/utils/../default_config.yaml',
 'dataset': 'rt',
 'debug': 0,
 'decay': 0.0001,
 'density': 0.1,
 'device': 'cpu',
 'dimension': 32,
 'epochs': 300,
 'experiment': 0,
 'head_num': 2,
 'hyperNum': 128,
 'log': <utils.logger.Logger object at 0x7faab82ff670>,
 'logger': 'Run',
 'loss_func': 'L1Loss',
 'lr': 0.001,
 'model': 'GATCF2',
 'num_layers': 2,
 'optim': 'AdamW',
 'order': 2,
 'path': './datasets/',
 'patience': 10,
 'program_test': 0,
 'record': 0,
 'rounds': 5,
 'saved': 1,
 'seed': 0,
 'serv_num': 5825,
 'user_num': 339,
 'verbose': 1
INFO:GATCF2:|2024-04-03 23:59:32| ********************Experiment Start*******************
INFO:GATCF:|2024-04-03 23:59:51| {'ablation': 0,
 'agg': 'mean',
 'bs': 256,
 'classification': 0,
 'config_path': '/Users/zengyuxiang/Documents/科研代码/HyperCF/utils/../default_config.yaml',
 'dataset': 'rt',
 'debug': 0,
 'decay': 0.0001,
 'density': 0.1,
 'device': 'cpu',
 'dimension': 32,
 'epochs': 300,
 'experiment': 0,
 'head_num': 2,
 'hyperNum': 128,
 'log': <utils.logger.Logger object at 0x7fdad8f09c70>,
 'logger': 'Run',
 'loss_func': 'L1Loss',
 'lr': 0.001,
 'model': 'GATCF',
 'num_layers': 2,
 'optim': 'AdamW',
 'order': 2,
 'path': './datasets/',
 'patience': 10,
 'program_test': 0,
 'record': 0,
 'rounds': 5,
 'saved': 1,
 'seed': 0,
 'serv_num': 5825,
 'user_num': 339,
 'verbose': 1
INFO:GATCF:|2024-04-03 23:59:51| ********************Experiment Start*******************
INFO:GATCF:|2024-04-04 00:00:07| {'ablation': 0,
 'agg': 'mean',
 'bs': 256,
 'classification': 0,
 'config_path': '/Users/zengyuxiang/Documents/科研代码/HyperCF/utils/../default_config.yaml',
 'dataset': 'rt',
 'debug': 0,
 'decay': 0.0001,
 'density': 0.1,
 'device': 'cpu',
 'dimension': 32,
 'epochs': 300,
 'experiment': 0,
 'head_num': 2,
 'hyperNum': 128,
 'log': <utils.logger.Logger object at 0x7fbb0950ad90>,
 'logger': 'Run',
 'loss_func': 'L1Loss',
 'lr': 0.001,
 'model': 'GATCF',
 'num_layers': 2,
 'optim': 'AdamW',
 'order': 2,
 'path': './datasets/',
 'patience': 10,
 'program_test': 0,
 'record': 0,
 'rounds': 5,
 'saved': 1,
 'seed': 0,
 'serv_num': 5825,
 'user_num': 339,
 'verbose': 1
INFO:GATCF:|2024-04-04 00:00:07| ********************Experiment Start*******************
INFO:GATCF:|2024-04-04 00:00:22| {'ablation': 0,
 'agg': 'mean',
 'bs': 256,
 'classification': 0,
 'config_path': '/Users/zengyuxiang/Documents/科研代码/HyperCF/utils/../default_config.yaml',
 'dataset': 'rt',
 'debug': 0,
 'decay': 0.0001,
 'density': 0.1,
 'device': 'cpu',
 'dimension': 32,
 'epochs': 300,
 'experiment': 0,
 'head_num': 2,
 'hyperNum': 128,
 'log': <utils.logger.Logger object at 0x7ff5c96c1d30>,
 'logger': 'Run',
 'loss_func': 'L1Loss',
 'lr': 0.001,
 'model': 'GATCF',
 'num_layers': 2,
 'optim': 'AdamW',
 'order': 2,
 'path': './datasets/',
 'patience': 10,
 'program_test': 0,
 'record': 0,
 'rounds': 5,
 'saved': 1,
 'seed': 0,
 'serv_num': 5825,
 'user_num': 339,
 'verbose': 1
INFO:GATCF:|2024-04-04 00:00:22| ********************Experiment Start*******************
INFO:GATCF:|2024-04-04 00:00:29| {'ablation': 0,
 'agg': 'mean',
 'bs': 256,
 'classification': 0,
 'config_path': '/Users/zengyuxiang/Documents/科研代码/HyperCF/utils/../default_config.yaml',
 'dataset': 'rt',
 'debug': 0,
 'decay': 0.0001,
 'density': 0.1,
 'device': 'cpu',
 'dimension': 32,
 'epochs': 300,
 'experiment': 0,
 'head_num': 2,
 'hyperNum': 128,
 'log': <utils.logger.Logger object at 0x7fba31ed2cd0>,
 'logger': 'Run',
 'loss_func': 'L1Loss',
 'lr': 0.001,
 'model': 'GATCF',
 'num_layers': 2,
 'optim': 'AdamW',
 'order': 2,
 'path': './datasets/',
 'patience': 10,
 'program_test': 0,
 'record': 0,
 'rounds': 5,
 'saved': 1,
 'seed': 0,
 'serv_num': 5825,
 'user_num': 339,
 'verbose': 1
INFO:GATCF:|2024-04-04 00:00:29| ********************Experiment Start*******************
INFO:GATCF:|2024-04-04 00:00:42| {'ablation': 0,
 'agg': 'mean',
 'bs': 256,
 'classification': 0,
 'config_path': '/Users/zengyuxiang/Documents/科研代码/HyperCF/utils/../default_config.yaml',
 'dataset': 'rt',
 'debug': 0,
 'decay': 0.0001,
 'density': 0.1,
 'device': 'cpu',
 'dimension': 32,
 'epochs': 300,
 'experiment': 0,
 'head_num': 2,
 'hyperNum': 128,
 'log': <utils.logger.Logger object at 0x7fca18b6ad60>,
 'logger': 'Run',
 'loss_func': 'L1Loss',
 'lr': 0.001,
 'model': 'GATCF',
 'num_layers': 2,
 'optim': 'AdamW',
 'order': 2,
 'path': './datasets/',
 'patience': 10,
 'program_test': 0,
 'record': 0,
 'rounds': 5,
 'saved': 1,
 'seed': 0,
 'serv_num': 5825,
 'user_num': 339,
 'verbose': 1
INFO:GATCF:|2024-04-04 00:00:42| ********************Experiment Start*******************
INFO:GATCF:|2024-04-04 00:00:50| {'ablation': 0,
 'agg': 'mean',
 'bs': 256,
 'classification': 0,
 'config_path': '/Users/zengyuxiang/Documents/科研代码/HyperCF/utils/../default_config.yaml',
 'dataset': 'rt',
 'debug': 0,
 'decay': 0.0001,
 'density': 0.1,
 'device': 'cpu',
 'dimension': 32,
 'epochs': 300,
 'experiment': 0,
 'head_num': 2,
 'hyperNum': 128,
 'log': <utils.logger.Logger object at 0x7faac8d11df0>,
 'logger': 'Run',
 'loss_func': 'L1Loss',
 'lr': 0.001,
 'model': 'GATCF',
 'num_layers': 2,
 'optim': 'AdamW',
 'order': 2,
 'path': './datasets/',
 'patience': 10,
 'program_test': 0,
 'record': 0,
 'rounds': 5,
 'saved': 1,
 'seed': 0,
 'serv_num': 5825,
 'user_num': 339,
 'verbose': 1
INFO:GATCF:|2024-04-04 00:00:50| ********************Experiment Start*******************
INFO:GATCF:|2024-04-04 00:01:22| {'ablation': 0,
 'agg': 'mean',
 'bs': 256,
 'classification': 0,
 'config_path': '/Users/zengyuxiang/Documents/科研代码/HyperCF/utils/../default_config.yaml',
 'dataset': 'rt',
 'debug': 0,
 'decay': 0.0001,
 'density': 0.1,
 'device': 'cpu',
 'dimension': 32,
 'epochs': 300,
 'experiment': 0,
 'head_num': 2,
 'hyperNum': 128,
 'log': <utils.logger.Logger object at 0x7f7d688d1ca0>,
 'logger': 'Run',
 'loss_func': 'L1Loss',
 'lr': 0.001,
 'model': 'GATCF',
 'num_layers': 2,
 'optim': 'AdamW',
 'order': 2,
 'path': './datasets/',
 'patience': 10,
 'program_test': 0,
 'record': 0,
 'rounds': 5,
 'saved': 1,
 'seed': 0,
 'serv_num': 5825,
 'user_num': 339,
 'verbose': 1
INFO:GATCF:|2024-04-04 00:01:22| ********************Experiment Start*******************
INFO:GATCF:|2024-04-04 00:01:40| {'ablation': 0,
 'agg': 'mean',
 'bs': 256,
 'classification': 0,
 'config_path': '/Users/zengyuxiang/Documents/科研代码/HyperCF/utils/../default_config.yaml',
 'dataset': 'rt',
 'debug': 0,
 'decay': 0.0001,
 'density': 0.1,
 'device': 'cpu',
 'dimension': 32,
 'epochs': 300,
 'experiment': 0,
 'head_num': 2,
 'hyperNum': 128,
 'log': <utils.logger.Logger object at 0x7fbb40ae9d90>,
 'logger': 'Run',
 'loss_func': 'L1Loss',
 'lr': 0.001,
 'model': 'GATCF',
 'num_layers': 2,
 'optim': 'AdamW',
 'order': 2,
 'path': './datasets/',
 'patience': 10,
 'program_test': 0,
 'record': 0,
 'rounds': 5,
 'saved': 1,
 'seed': 0,
 'serv_num': 5825,
 'user_num': 339,
 'verbose': 1
INFO:GATCF:|2024-04-04 00:01:40| ********************Experiment Start*******************
INFO:GATCF:|2024-04-04 00:01:53| {'ablation': 0,
 'agg': 'mean',
 'bs': 256,
 'classification': 0,
 'config_path': '/Users/zengyuxiang/Documents/科研代码/HyperCF/utils/../default_config.yaml',
 'dataset': 'rt',
 'debug': 0,
 'decay': 0.0001,
 'density': 0.1,
 'device': 'cpu',
 'dimension': 32,
 'epochs': 300,
 'experiment': 0,
 'head_num': 2,
 'hyperNum': 128,
 'log': <utils.logger.Logger object at 0x7f8168da2df0>,
 'logger': 'Run',
 'loss_func': 'L1Loss',
 'lr': 0.001,
 'model': 'GATCF',
 'num_layers': 2,
 'optim': 'AdamW',
 'order': 2,
 'path': './datasets/',
 'patience': 10,
 'program_test': 0,
 'record': 0,
 'rounds': 5,
 'saved': 1,
 'seed': 0,
 'serv_num': 5825,
 'user_num': 339,
 'verbose': 1
INFO:GATCF:|2024-04-04 00:01:53| ********************Experiment Start*******************
INFO:GATCF:|2024-04-04 00:01:57| {'ablation': 0,
 'agg': 'mean',
 'bs': 256,
 'classification': 0,
 'config_path': '/Users/zengyuxiang/Documents/科研代码/HyperCF/utils/../default_config.yaml',
 'dataset': 'rt',
 'debug': 0,
 'decay': 0.0001,
 'density': 0.1,
 'device': 'cpu',
 'dimension': 32,
 'epochs': 300,
 'experiment': 0,
 'head_num': 2,
 'hyperNum': 128,
 'log': <utils.logger.Logger object at 0x7fc5a03dad00>,
 'logger': 'Run',
 'loss_func': 'L1Loss',
 'lr': 0.001,
 'model': 'GATCF',
 'num_layers': 2,
 'optim': 'AdamW',
 'order': 2,
 'path': './datasets/',
 'patience': 10,
 'program_test': 0,
 'record': 0,
 'rounds': 5,
 'saved': 1,
 'seed': 0,
 'serv_num': 5825,
 'user_num': 339,
 'verbose': 1
INFO:GATCF:|2024-04-04 00:01:57| ********************Experiment Start*******************
INFO:GATCF2:|2024-04-04 00:06:28| Round=2 BestEpoch=24 MAE=0.3275 RMSE=1.2251 NMAE=0.3602 NRMSE=0.5636 Training_time=465.2 
INFO:GATCF2:|2024-04-04 00:06:28| Acc = [1%=0.0413, 5%=0.1943, 10%=0.3546]
INFO:GATCF:|2024-04-04 00:16:49| Round=1 BestEpoch=30 MAE=0.3289 RMSE=1.2391 NMAE=0.3620 NRMSE=0.5708 Training_time=580.9 
INFO:GATCF:|2024-04-04 00:16:49| Acc = [1%=0.0462, 5%=0.2130, 10%=0.3745]
INFO:GATCF2:|2024-04-04 00:17:42| Round=3 BestEpoch=20 MAE=0.3315 RMSE=1.2289 NMAE=0.3652 NRMSE=0.5667 Training_time=386.9 
INFO:GATCF2:|2024-04-04 00:17:42| Acc = [1%=0.0431, 5%=0.2005, 10%=0.3567]
