INFO:GraphMF:|2024-04-03 06:50:34| {'ablation': 0,
 'bs': 256,
 'classification': 0,
 'config_path': '/home/yxzeng/code_python/HyperCF/utils/../default_config.yaml',
 'dataset': 'rt',
 'debug': 0,
 'decay': 0.001,
 'density': 0.075,
 'device': 'cpu',
 'dimension': 32,
 'epochs': 300,
 'experiment': 1,
 'head_num': 2,
 'hyperNum': 128,
 'log': <utils.logger.Logger object at 0x7fccb562f970>,
 'logger': 'Experiment',
 'loss_func': 'L1Loss',
 'lr': 0.001,
 'model': 'GraphMF',
 'num_layers': 2,
 'optim': 'AdamW',
 'order': 2,
 'path': './datasets/',
 'patience': 10,
 'program_test': 1,
 'record': 1,
 'rounds': 5,
 'saved': 1,
 'seed': 0,
 'serv_num': 5825,
 'user_num': 339,
 'verbose': 1
INFO:GraphMF:|2024-04-03 06:50:34| ********************Experiment Start*******************
INFO:GraphMF:|2024-04-03 06:53:53| Round=1 BestEpoch=30 MAE=0.3443 RMSE=1.2702 NMAE=0.3790 NRMSE=0.5850 Training_time=103.3 
INFO:GraphMF:|2024-04-03 06:53:53| Acc = [1%=0.0420, 5%=0.1971, 10%=0.3520]
INFO:GraphMF:|2024-04-03 06:57:42| Round=2 BestEpoch=32 MAE=0.3436 RMSE=1.2705 NMAE=0.3780 NRMSE=0.5846 Training_time=123.4 
INFO:GraphMF:|2024-04-03 06:57:42| Acc = [1%=0.0419, 5%=0.1964, 10%=0.3519]
INFO:GraphMF:|2024-04-03 07:01:18| Round=3 BestEpoch=30 MAE=0.3403 RMSE=1.2626 NMAE=0.3749 NRMSE=0.5821 Training_time=114.4 
INFO:GraphMF:|2024-04-03 07:01:18| Acc = [1%=0.0418, 5%=0.1963, 10%=0.3551]
INFO:GraphMF:|2024-04-03 07:05:19| Round=4 BestEpoch=35 MAE=0.3429 RMSE=1.2578 NMAE=0.3778 NRMSE=0.5798 Training_time=133.4 
INFO:GraphMF:|2024-04-03 07:05:19| Acc = [1%=0.0369, 5%=0.1758, 10%=0.3221]
INFO:GraphMF:|2024-04-03 07:08:12| Round=5 BestEpoch=21 MAE=0.3429 RMSE=1.2671 NMAE=0.3779 NRMSE=0.5841 Training_time=80.5 
INFO:GraphMF:|2024-04-03 07:08:12| Acc = [1%=0.0401, 5%=0.1866, 10%=0.3360]
INFO:GraphMF:|2024-04-03 07:08:12| ********************Experiment Results:*******************
INFO:GraphMF:|2024-04-03 07:08:12| MAE: 0.3428 ± 0.001
INFO:GraphMF:|2024-04-03 07:08:12| RMSE: 1.2656 ± 0.004
INFO:GraphMF:|2024-04-03 07:08:12| NMAE: 0.3775 ± 0.001
INFO:GraphMF:|2024-04-03 07:08:12| NRMSE: 0.5831 ± 0.001
INFO:GraphMF:|2024-04-03 07:08:12| TIME: 110.9831 ± 18.172
INFO:GraphMF:|2024-04-03 07:08:12| Acc1: 0.0405 ± 0.001
INFO:GraphMF:|2024-04-03 07:08:12| Acc5: 0.1904 ± 0.008
INFO:GraphMF:|2024-04-03 07:08:12| Acc10: 0.3434 ± 0.012
INFO:GraphMF:|2024-04-03 07:08:12| ********************Experiment Success********************
