INFO:CSMF:|2024-04-03 12:32:04| {'ablation': 0,
 'bs': 256,
 'classification': 0,
 'config_path': '/home/yxzeng/code_python/HyperCF/utils/../default_config.yaml',
 'dataset': 'tp',
 'debug': 0,
 'decay': 0.001,
 'density': 0.04,
 'device': 'cpu',
 'dimension': 32,
 'epochs': 300,
 'experiment': 1,
 'head_num': 2,
 'hyperNum': 128,
 'log': <utils.logger.Logger object at 0x7f8683c79a00>,
 'logger': 'Experiment',
 'loss_func': 'L1Loss',
 'lr': 0.001,
 'model': 'CSMF',
 'num_layers': 2,
 'optim': 'AdamW',
 'order': 2,
 'path': './datasets/',
 'patience': 10,
 'program_test': 1,
 'record': 1,
 'rounds': 5,
 'saved': 1,
 'seed': 0,
 'serv_num': 5825,
 'user_num': 339,
 'verbose': 1
INFO:CSMF:|2024-04-03 12:32:04| ********************Experiment Start*******************
INFO:CSMF:|2024-04-03 12:33:19| Round=1 BestEpoch=23 MAE=17.8415 RMSE=53.7294 NMAE=0.3752 NRMSE=0.4458 Training_time=24.7 
INFO:CSMF:|2024-04-03 12:33:19| Acc = [1%=0.0185, 5%=0.0926, 10%=0.1831]
INFO:CSMF:|2024-04-03 12:34:52| Round=2 BestEpoch=24 MAE=17.8757 RMSE=54.1081 NMAE=0.3760 NRMSE=0.4490 Training_time=27.6 
INFO:CSMF:|2024-04-03 12:34:52| Acc = [1%=0.0187, 5%=0.0932, 10%=0.1836]
INFO:CSMF:|2024-04-03 12:36:42| Round=3 BestEpoch=27 MAE=18.2176 RMSE=54.5911 NMAE=0.3831 NRMSE=0.4528 Training_time=37.0 
INFO:CSMF:|2024-04-03 12:36:42| Acc = [1%=0.0174, 5%=0.0868, 10%=0.1720]
INFO:CSMF:|2024-04-03 12:38:42| Round=4 BestEpoch=31 MAE=18.3743 RMSE=55.1159 NMAE=0.3864 NRMSE=0.4574 Training_time=42.4 
INFO:CSMF:|2024-04-03 12:38:42| Acc = [1%=0.0177, 5%=0.0876, 10%=0.1732]
INFO:CSMF:|2024-04-03 12:40:25| Round=5 BestEpoch=24 MAE=18.2872 RMSE=55.4137 NMAE=0.3844 NRMSE=0.4594 Training_time=32.8 
INFO:CSMF:|2024-04-03 12:40:25| Acc = [1%=0.0177, 5%=0.0882, 10%=0.1751]
INFO:CSMF:|2024-04-03 12:40:25| ********************Experiment Results:*******************
INFO:CSMF:|2024-04-03 12:40:25| MAE: 18.1193 ± 0.218
INFO:CSMF:|2024-04-03 12:40:25| RMSE: 54.5916 ± 0.620
INFO:CSMF:|2024-04-03 12:40:25| NMAE: 0.3810 ± 0.004
INFO:CSMF:|2024-04-03 12:40:25| NRMSE: 0.4529 ± 0.005
INFO:CSMF:|2024-04-03 12:40:25| TIME: 32.9083 ± 6.375
INFO:CSMF:|2024-04-03 12:40:25| Acc1: 0.0180 ± 0.000
INFO:CSMF:|2024-04-03 12:40:25| Acc5: 0.0897 ± 0.002
INFO:CSMF:|2024-04-03 12:40:25| Acc10: 0.1774 ± 0.004
INFO:CSMF:|2024-04-03 12:40:25| ********************Experiment Success********************
