INFO:NeuCF:|2024-04-03 11:49:00| {'ablation': 0,
 'bs': 256,
 'classification': 0,
 'config_path': '/home/yxzeng/code_python/HyperCF/utils/../default_config.yaml',
 'dataset': 'tp',
 'debug': 0,
 'decay': 0.001,
 'density': 0.1,
 'device': 'cpu',
 'dimension': 32,
 'epochs': 300,
 'experiment': 1,
 'head_num': 2,
 'hyperNum': 128,
 'log': <utils.logger.Logger object at 0x7f409ba3d8e0>,
 'logger': 'Experiment',
 'loss_func': 'L1Loss',
 'lr': 0.001,
 'model': 'NeuCF',
 'num_layers': 2,
 'optim': 'AdamW',
 'order': 2,
 'path': './datasets/',
 'patience': 10,
 'program_test': 1,
 'record': 1,
 'rounds': 5,
 'saved': 1,
 'seed': 0,
 'serv_num': 5825,
 'user_num': 339,
 'verbose': 1
INFO:NeuCF:|2024-04-03 11:49:00| ********************Experiment Start*******************
INFO:NeuCF:|2024-04-03 11:52:08| Round=1 BestEpoch=50 MAE=15.3798 RMSE=48.1790 NMAE=0.3237 NRMSE=0.4001 Training_time=107.4 
INFO:NeuCF:|2024-04-03 11:52:08| Acc = [1%=0.0204, 5%=0.1014, 10%=0.2002]
INFO:NeuCF:|2024-04-03 11:56:11| Round=2 BestEpoch=69 MAE=15.1024 RMSE=46.4078 NMAE=0.3179 NRMSE=0.3855 Training_time=148.2 
INFO:NeuCF:|2024-04-03 11:56:11| Acc = [1%=0.0206, 5%=0.1010, 10%=0.1977]
INFO:NeuCF:|2024-04-03 11:59:57| Round=3 BestEpoch=63 MAE=15.3163 RMSE=47.0944 NMAE=0.3222 NRMSE=0.3909 Training_time=135.4 
INFO:NeuCF:|2024-04-03 11:59:57| Acc = [1%=0.0186, 5%=0.0927, 10%=0.1829]
INFO:NeuCF:|2024-04-03 12:03:23| Round=4 BestEpoch=56 MAE=15.0832 RMSE=47.6633 NMAE=0.3170 NRMSE=0.3955 Training_time=120.5 
INFO:NeuCF:|2024-04-03 12:03:23| Acc = [1%=0.0205, 5%=0.1019, 10%=0.2004]
INFO:NeuCF:|2024-04-03 12:07:03| Round=5 BestEpoch=61 MAE=15.4968 RMSE=48.4111 NMAE=0.3258 NRMSE=0.4015 Training_time=131.2 
INFO:NeuCF:|2024-04-03 12:07:03| Acc = [1%=0.0199, 5%=0.0990, 10%=0.1953]
INFO:NeuCF:|2024-04-03 12:07:03| ********************Experiment Results:*******************
INFO:NeuCF:|2024-04-03 12:07:03| MAE: 15.2757 ± 0.160
INFO:NeuCF:|2024-04-03 12:07:03| RMSE: 47.5511 ± 0.729
INFO:NeuCF:|2024-04-03 12:07:03| NMAE: 0.3213 ± 0.003
INFO:NeuCF:|2024-04-03 12:07:03| NRMSE: 0.3947 ± 0.005
INFO:NeuCF:|2024-04-03 12:07:03| TIME: 128.5189 ± 13.785
INFO:NeuCF:|2024-04-03 12:07:03| Acc1: 0.0200 ± 0.000
INFO:NeuCF:|2024-04-03 12:07:03| Acc5: 0.0992 ± 0.003
INFO:NeuCF:|2024-04-03 12:07:03| Acc10: 0.1953 ± 0.006
INFO:NeuCF:|2024-04-03 12:07:03| ********************Experiment Success********************
