INFO:GraphMF:|2024-04-03 06:12:27| {'ablation': 0,
 'bs': 256,
 'classification': 0,
 'config_path': '/home/yxzeng/code_python/HyperCF/utils/../default_config.yaml',
 'dataset': 'rt',
 'debug': 0,
 'decay': 0.001,
 'density': 0.025,
 'device': 'cpu',
 'dimension': 32,
 'epochs': 300,
 'experiment': 1,
 'head_num': 2,
 'hyperNum': 128,
 'log': <utils.logger.Logger object at 0x7fadf5d48910>,
 'logger': 'Experiment',
 'loss_func': 'L1Loss',
 'lr': 0.001,
 'model': 'GraphMF',
 'num_layers': 2,
 'optim': 'AdamW',
 'order': 2,
 'path': './datasets/',
 'patience': 10,
 'program_test': 1,
 'record': 1,
 'rounds': 5,
 'saved': 1,
 'seed': 0,
 'serv_num': 5825,
 'user_num': 339,
 'verbose': 1
INFO:GraphMF:|2024-04-03 06:12:27| ********************Experiment Start*******************
INFO:GraphMF:|2024-04-03 06:14:07| Round=1 BestEpoch=23 MAE=0.4290 RMSE=1.4209 NMAE=0.4719 NRMSE=0.6539 Training_time=30.8 
INFO:GraphMF:|2024-04-03 06:14:07| Acc = [1%=0.0245, 5%=0.1226, 10%=0.2403]
INFO:GraphMF:|2024-04-03 06:15:40| Round=2 BestEpoch=21 MAE=0.4258 RMSE=1.4114 NMAE=0.4683 NRMSE=0.6495 Training_time=26.5 
INFO:GraphMF:|2024-04-03 06:15:40| Acc = [1%=0.0251, 5%=0.1239, 10%=0.2385]
INFO:GraphMF:|2024-04-03 06:17:16| Round=3 BestEpoch=22 MAE=0.4219 RMSE=1.3912 NMAE=0.4645 NRMSE=0.6409 Training_time=27.8 
INFO:GraphMF:|2024-04-03 06:17:16| Acc = [1%=0.0263, 5%=0.1287, 10%=0.2450]
INFO:GraphMF:|2024-04-03 06:18:42| Round=4 BestEpoch=18 MAE=0.4211 RMSE=1.3774 NMAE=0.4638 NRMSE=0.6348 Training_time=22.8 
INFO:GraphMF:|2024-04-03 06:18:42| Acc = [1%=0.0260, 5%=0.1266, 10%=0.2426]
INFO:GraphMF:|2024-04-03 06:20:32| Round=5 BestEpoch=28 MAE=0.4269 RMSE=1.3975 NMAE=0.4704 NRMSE=0.6443 Training_time=35.4 
INFO:GraphMF:|2024-04-03 06:20:32| Acc = [1%=0.0279, 5%=0.1361, 10%=0.2574]
INFO:GraphMF:|2024-04-03 06:20:32| ********************Experiment Results:*******************
INFO:GraphMF:|2024-04-03 06:20:32| MAE: 0.4249 ± 0.003
INFO:GraphMF:|2024-04-03 06:20:32| RMSE: 1.3997 ± 0.015
INFO:GraphMF:|2024-04-03 06:20:32| NMAE: 0.4678 ± 0.003
INFO:GraphMF:|2024-04-03 06:20:32| NRMSE: 0.6447 ± 0.006
INFO:GraphMF:|2024-04-03 06:20:32| TIME: 28.6523 ± 4.227
INFO:GraphMF:|2024-04-03 06:20:32| Acc1: 0.0259 ± 0.001
INFO:GraphMF:|2024-04-03 06:20:32| Acc5: 0.1276 ± 0.004
INFO:GraphMF:|2024-04-03 06:20:32| Acc10: 0.2447 ± 0.006
INFO:GraphMF:|2024-04-03 06:20:32| ********************Experiment Success********************
