INFO:CSMF:|2024-04-03 13:02:00| {'ablation': 0,
 'bs': 256,
 'classification': 0,
 'config_path': '/home/yxzeng/code_python/HyperCF/utils/../default_config.yaml',
 'dataset': 'tp',
 'debug': 0,
 'decay': 0.001,
 'density': 0.1,
 'device': 'cpu',
 'dimension': 32,
 'epochs': 300,
 'experiment': 1,
 'head_num': 2,
 'hyperNum': 128,
 'log': <utils.logger.Logger object at 0x7f6e0a25b850>,
 'logger': 'Experiment',
 'loss_func': 'L1Loss',
 'lr': 0.001,
 'model': 'CSMF',
 'num_layers': 2,
 'optim': 'AdamW',
 'order': 2,
 'path': './datasets/',
 'patience': 10,
 'program_test': 1,
 'record': 1,
 'rounds': 5,
 'saved': 1,
 'seed': 0,
 'serv_num': 5825,
 'user_num': 339,
 'verbose': 1
INFO:CSMF:|2024-04-03 13:02:00| ********************Experiment Start*******************
INFO:CSMF:|2024-04-03 13:05:10| Round=1 BestEpoch=36 MAE=13.9576 RMSE=45.1910 NMAE=0.2938 NRMSE=0.3753 Training_time=110.1 
INFO:CSMF:|2024-04-03 13:05:10| Acc = [1%=0.0268, 5%=0.1321, 10%=0.2535]
INFO:CSMF:|2024-04-03 13:08:23| Round=2 BestEpoch=37 MAE=14.0644 RMSE=45.4512 NMAE=0.2961 NRMSE=0.3775 Training_time=112.9 
INFO:CSMF:|2024-04-03 13:08:23| Acc = [1%=0.0268, 5%=0.1319, 10%=0.2533]
INFO:CSMF:|2024-04-03 13:10:47| Round=3 BestEpoch=26 MAE=13.9647 RMSE=44.8769 NMAE=0.2938 NRMSE=0.3725 Training_time=74.5 
INFO:CSMF:|2024-04-03 13:10:47| Acc = [1%=0.0259, 5%=0.1282, 10%=0.2476]
INFO:CSMF:|2024-04-03 13:13:44| Round=4 BestEpoch=35 MAE=14.3251 RMSE=45.9129 NMAE=0.3011 NRMSE=0.3809 Training_time=100.3 
INFO:CSMF:|2024-04-03 13:13:44| Acc = [1%=0.0259, 5%=0.1282, 10%=0.2460]
INFO:CSMF:|2024-04-03 13:17:50| Round=5 BestEpoch=39 MAE=14.0328 RMSE=45.4702 NMAE=0.2950 NRMSE=0.3771 Training_time=138.8 
INFO:CSMF:|2024-04-03 13:17:50| Acc = [1%=0.0271, 5%=0.1329, 10%=0.2543]
INFO:CSMF:|2024-04-03 13:17:50| ********************Experiment Results:*******************
INFO:CSMF:|2024-04-03 13:17:50| MAE: 14.0689 ± 0.134
INFO:CSMF:|2024-04-03 13:17:50| RMSE: 45.3804 ± 0.342
INFO:CSMF:|2024-04-03 13:17:50| NMAE: 0.2959 ± 0.002
INFO:CSMF:|2024-04-03 13:17:50| NRMSE: 0.3767 ± 0.002
INFO:CSMF:|2024-04-03 13:17:50| TIME: 107.3058 ± 20.787
INFO:CSMF:|2024-04-03 13:17:50| Acc1: 0.0265 ± 0.000
INFO:CSMF:|2024-04-03 13:17:50| Acc5: 0.1307 ± 0.002
INFO:CSMF:|2024-04-03 13:17:50| Acc10: 0.2509 ± 0.003
INFO:CSMF:|2024-04-03 13:17:50| ********************Experiment Success********************
