INFO:MF:|2024-04-03 07:29:34| {'ablation': 0,
 'bs': 256,
 'classification': 0,
 'config_path': '/home/yxzeng/code_python/HyperCF/utils/../default_config.yaml',
 'dataset': 'tp',
 'debug': 0,
 'decay': 0.001,
 'density': 0.01,
 'device': 'cpu',
 'dimension': 32,
 'epochs': 300,
 'experiment': 1,
 'head_num': 2,
 'hyperNum': 128,
 'log': <utils.logger.Logger object at 0x7fc9f58f5a90>,
 'logger': 'Experiment',
 'loss_func': 'L1Loss',
 'lr': 0.001,
 'model': 'MF',
 'num_layers': 2,
 'optim': 'AdamW',
 'order': 2,
 'path': './datasets/',
 'patience': 10,
 'program_test': 1,
 'record': 1,
 'rounds': 5,
 'saved': 1,
 'seed': 0,
 'serv_num': 5825,
 'user_num': 339,
 'verbose': 1
INFO:MF:|2024-04-03 07:29:34| ********************Experiment Start*******************
INFO:MF:|2024-04-03 07:34:08| Round=1 BestEpoch=252 MAE=3242.8917 RMSE=4136.6704 NMAE=68.2372 NRMSE=34.3397 Training_time=47.2 
INFO:MF:|2024-04-03 07:34:08| Acc = [1%=0.0001, 5%=0.0005, 10%=0.0009]
INFO:MF:|2024-04-03 07:38:12| Round=2 BestEpoch=242 MAE=3266.3243 RMSE=4171.4183 NMAE=68.6889 NRMSE=34.6070 Training_time=40.6 
INFO:MF:|2024-04-03 07:38:12| Acc = [1%=0.0001, 5%=0.0005, 10%=0.0010]
INFO:MF:|2024-04-03 07:42:18| Round=3 BestEpoch=244 MAE=3235.6782 RMSE=4128.5648 NMAE=68.0560 NRMSE=34.2523 Training_time=41.0 
INFO:MF:|2024-04-03 07:42:18| Acc = [1%=0.0001, 5%=0.0005, 10%=0.0009]
INFO:MF:|2024-04-03 07:46:28| Round=4 BestEpoch=247 MAE=3251.5960 RMSE=4142.3455 NMAE=68.3642 NRMSE=34.3683 Training_time=41.6 
INFO:MF:|2024-04-03 07:46:28| Acc = [1%=0.0001, 5%=0.0005, 10%=0.0010]
INFO:MF:|2024-04-03 07:50:32| Round=5 BestEpoch=241 MAE=3258.2798 RMSE=4157.0915 NMAE=68.4990 NRMSE=34.4704 Training_time=40.6 
INFO:MF:|2024-04-03 07:50:32| Acc = [1%=0.0001, 5%=0.0005, 10%=0.0010]
INFO:MF:|2024-04-03 07:50:32| ********************Experiment Results:*******************
INFO:MF:|2024-04-03 07:50:32| MAE: 3250.9540 ± 10.850
INFO:MF:|2024-04-03 07:50:32| RMSE: 4147.2181 ± 15.271
INFO:MF:|2024-04-03 07:50:32| NMAE: 68.3690 ± 0.216
INFO:MF:|2024-04-03 07:50:32| NRMSE: 34.4075 ± 0.121
INFO:MF:|2024-04-03 07:50:32| TIME: 42.2187 ± 2.519
INFO:MF:|2024-04-03 07:50:32| Acc1: 0.0001 ± 0.000
INFO:MF:|2024-04-03 07:50:32| Acc5: 0.0005 ± 0.000
INFO:MF:|2024-04-03 07:50:32| Acc10: 0.0010 ± 0.000
INFO:MF:|2024-04-03 07:50:32| ********************Experiment Success********************
