INFO:GATCF:|2024-04-02 14:53:33| {'ablation': 0,
 'bs': 256,
 'classification': 0,
 'config_path': '/home/yxzeng/code_python/HyperCF/utils/../default_config.yaml',
 'dataset': 'rt',
 'debug': 0,
 'decay': 0.001,
 'density': 0.01,
 'device': 'cuda',
 'dimension': 32,
 'epochs': 300,
 'experiment': 1,
 'head_num': 2,
 'log': <utils.logger.Logger object at 0x7f78867042e0>,
 'logger': 'Experiment',
 'loss_func': 'L1Loss',
 'lr': 0.001,
 'model': 'GATCF',
 'optim': 'AdamW',
 'order': 1,
 'path': './datasets/',
 'patience': 10,
 'program_test': 1,
 'record': 1,
 'rounds': 5,
 'saved': 1,
 'seed': 0,
 'serv_num': 5825,
 'user_num': 339,
 'verbose': 1
INFO:GATCF:|2024-04-02 14:53:33| ********************Experiment Start*******************
INFO:GATCF:|2024-04-02 14:56:06| Round=1 BestEpoch=30 MAE=0.5051 RMSE=1.5277 NMAE=0.5557 NRMSE=0.7033 Training_time=31.3 
INFO:GATCF:|2024-04-02 14:56:06| Acc = [1%=0.0187, 5%=0.0935, 10%=0.1843]
INFO:GATCF:|2024-04-02 14:58:22| Round=2 BestEpoch=23 MAE=0.5166 RMSE=1.5199 NMAE=0.5684 NRMSE=0.6999 Training_time=22.0 
INFO:GATCF:|2024-04-02 14:58:22| Acc = [1%=0.0168, 5%=0.0832, 10%=0.1640]
INFO:GATCF:|2024-04-02 15:01:07| Round=3 BestEpoch=36 MAE=0.5091 RMSE=1.5311 NMAE=0.5606 NRMSE=0.7053 Training_time=37.4 
INFO:GATCF:|2024-04-02 15:01:07| Acc = [1%=0.0192, 5%=0.0951, 10%=0.1851]
INFO:GATCF:|2024-04-02 15:04:07| Round=4 BestEpoch=31 MAE=0.5130 RMSE=1.5321 NMAE=0.5650 NRMSE=0.7060 Training_time=31.2 
INFO:GATCF:|2024-04-02 15:04:07| Acc = [1%=0.0185, 5%=0.0911, 10%=0.1778]
INFO:GATCF:|2024-04-02 15:06:31| Round=5 BestEpoch=25 MAE=0.5106 RMSE=1.5540 NMAE=0.5626 NRMSE=0.7163 Training_time=25.2 
INFO:GATCF:|2024-04-02 15:06:31| Acc = [1%=0.0174, 5%=0.0861, 10%=0.1692]
INFO:GATCF:|2024-04-02 15:06:31| ********************Experiment Results:*******************
INFO:GATCF:|2024-04-02 15:06:31| MAE: 0.5109 ± 0.003
INFO:GATCF:|2024-04-02 15:06:31| RMSE: 1.5330 ± 0.011
INFO:GATCF:|2024-04-02 15:06:31| NMAE: 0.5625 ± 0.004
INFO:GATCF:|2024-04-02 15:06:31| NRMSE: 0.7062 ± 0.005
INFO:GATCF:|2024-04-02 15:06:31| TIME: 29.4223 ± 5.378
INFO:GATCF:|2024-04-02 15:06:31| Acc1: 0.0181 ± 0.000
INFO:GATCF:|2024-04-02 15:06:31| Acc5: 0.0898 ± 0.004
INFO:GATCF:|2024-04-02 15:06:31| Acc10: 0.1761 ± 0.008
INFO:GATCF:|2024-04-02 15:06:31| ********************Experiment Success********************
