INFO:MF:|2024-04-03 04:31:22| {'ablation': 0,
 'bs': 256,
 'classification': 0,
 'config_path': '/home/yxzeng/code_python/HyperCF/utils/../default_config.yaml',
 'dataset': 'rt',
 'debug': 0,
 'decay': 0.001,
 'density': 0.1,
 'device': 'cpu',
 'dimension': 32,
 'epochs': 300,
 'experiment': 1,
 'head_num': 2,
 'hyperNum': 128,
 'log': <utils.logger.Logger object at 0x7f799ae90820>,
 'logger': 'Experiment',
 'loss_func': 'L1Loss',
 'lr': 0.001,
 'model': 'MF',
 'num_layers': 2,
 'optim': 'AdamW',
 'order': 2,
 'path': './datasets/',
 'patience': 10,
 'program_test': 1,
 'record': 1,
 'rounds': 5,
 'saved': 1,
 'seed': 0,
 'serv_num': 5825,
 'user_num': 339,
 'verbose': 1
INFO:MF:|2024-04-03 04:31:22| ********************Experiment Start*******************
INFO:MF:|2024-04-03 04:37:07| Round=1 BestEpoch=132 MAE=0.5042 RMSE=1.4153 NMAE=0.5551 NRMSE=0.6519 Training_time=210.5 
INFO:MF:|2024-04-03 04:37:07| Acc = [1%=0.0156, 5%=0.0782, 10%=0.1543]
INFO:MF:|2024-04-03 04:43:22| Round=2 BestEpoch=143 MAE=0.5126 RMSE=1.4141 NMAE=0.5639 NRMSE=0.6505 Training_time=230.8 
INFO:MF:|2024-04-03 04:43:22| Acc = [1%=0.0157, 5%=0.0774, 10%=0.1521]
INFO:MF:|2024-04-03 04:49:04| Round=3 BestEpoch=128 MAE=0.4745 RMSE=1.3960 NMAE=0.5228 NRMSE=0.6437 Training_time=209.6 
INFO:MF:|2024-04-03 04:49:04| Acc = [1%=0.0199, 5%=0.0970, 10%=0.1878]
INFO:MF:|2024-04-03 04:55:59| Round=4 BestEpoch=162 MAE=0.4676 RMSE=1.4094 NMAE=0.5153 NRMSE=0.6498 Training_time=258.1 
INFO:MF:|2024-04-03 04:55:59| Acc = [1%=0.0253, 5%=0.1238, 10%=0.2354]
INFO:MF:|2024-04-03 05:01:04| Round=5 BestEpoch=115 MAE=0.4735 RMSE=1.4125 NMAE=0.5217 NRMSE=0.6511 Training_time=182.1 
INFO:MF:|2024-04-03 05:01:04| Acc = [1%=0.0193, 5%=0.0960, 10%=0.1848]
INFO:MF:|2024-04-03 05:01:04| ********************Experiment Results:*******************
INFO:MF:|2024-04-03 05:01:04| MAE: 0.4865 ± 0.018
INFO:MF:|2024-04-03 05:01:04| RMSE: 1.4095 ± 0.007
INFO:MF:|2024-04-03 05:01:04| NMAE: 0.5358 ± 0.019
INFO:MF:|2024-04-03 05:01:04| NRMSE: 0.6494 ± 0.002
INFO:MF:|2024-04-03 05:01:04| TIME: 218.2110 ± 25.237
INFO:MF:|2024-04-03 05:01:04| Acc1: 0.0191 ± 0.003
INFO:MF:|2024-04-03 05:01:04| Acc5: 0.0945 ± 0.016
INFO:MF:|2024-04-03 05:01:04| Acc10: 0.1829 ± 0.030
INFO:MF:|2024-04-03 05:01:04| ********************Experiment Success********************
