INFO:NeuCF:|2024-04-03 09:56:36| {'ablation': 0,
 'bs': 256,
 'classification': 0,
 'config_path': '/home/yxzeng/code_python/HyperCF/utils/../default_config.yaml',
 'dataset': 'tp',
 'debug': 0,
 'decay': 0.001,
 'density': 0.01,
 'device': 'cuda',
 'dimension': 32,
 'epochs': 300,
 'experiment': 1,
 'head_num': 2,
 'hyperNum': 128,
 'log': <utils.logger.Logger object at 0x7f43102df940>,
 'logger': 'Experiment',
 'loss_func': 'L1Loss',
 'lr': 0.001,
 'model': 'NeuCF',
 'num_layers': 2,
 'optim': 'AdamW',
 'order': 2,
 'path': './datasets/',
 'patience': 10,
 'program_test': 1,
 'record': 1,
 'rounds': 5,
 'saved': 1,
 'seed': 0,
 'serv_num': 5825,
 'user_num': 339,
 'verbose': 1
INFO:NeuCF:|2024-04-03 09:56:36| ********************Experiment Start*******************
INFO:NeuCF:|2024-04-03 09:58:11| Round=1 BestEpoch=69 MAE=30.7824 RMSE=83.0129 NMAE=0.6477 NRMSE=0.6891 Training_time=15.9 
INFO:NeuCF:|2024-04-03 09:58:11| Acc = [1%=0.0078, 5%=0.0392, 10%=0.0781]
