INFO:CSMF:|2024-04-03 12:26:01| {'ablation': 0,
 'bs': 256,
 'classification': 0,
 'config_path': '/home/yxzeng/code_python/HyperCF/utils/../default_config.yaml',
 'dataset': 'tp',
 'debug': 0,
 'decay': 0.001,
 'density': 0.03,
 'device': 'cpu',
 'dimension': 32,
 'epochs': 300,
 'experiment': 1,
 'head_num': 2,
 'hyperNum': 128,
 'log': <utils.logger.Logger object at 0x7f357c0d2850>,
 'logger': 'Experiment',
 'loss_func': 'L1Loss',
 'lr': 0.001,
 'model': 'CSMF',
 'num_layers': 2,
 'optim': 'AdamW',
 'order': 2,
 'path': './datasets/',
 'patience': 10,
 'program_test': 1,
 'record': 1,
 'rounds': 5,
 'saved': 1,
 'seed': 0,
 'serv_num': 5825,
 'user_num': 339,
 'verbose': 1
INFO:CSMF:|2024-04-03 12:26:01| ********************Experiment Start*******************
INFO:CSMF:|2024-04-03 12:27:13| Round=1 BestEpoch=26 MAE=19.8049 RMSE=58.2269 NMAE=0.4167 NRMSE=0.4834 Training_time=21.6 
INFO:CSMF:|2024-04-03 12:27:13| Acc = [1%=0.0159, 5%=0.0788, 10%=0.1565]
INFO:CSMF:|2024-04-03 12:28:21| Round=2 BestEpoch=24 MAE=19.9020 RMSE=58.2843 NMAE=0.4186 NRMSE=0.4836 Training_time=19.8 
INFO:CSMF:|2024-04-03 12:28:21| Acc = [1%=0.0154, 5%=0.0777, 10%=0.1553]
INFO:CSMF:|2024-04-03 12:29:35| Round=3 BestEpoch=27 MAE=20.2086 RMSE=58.9983 NMAE=0.4250 NRMSE=0.4895 Training_time=22.4 
INFO:CSMF:|2024-04-03 12:29:35| Acc = [1%=0.0153, 5%=0.0768, 10%=0.1530]
INFO:CSMF:|2024-04-03 12:30:53| Round=4 BestEpoch=30 MAE=19.8246 RMSE=58.5123 NMAE=0.4170 NRMSE=0.4857 Training_time=24.8 
INFO:CSMF:|2024-04-03 12:30:53| Acc = [1%=0.0159, 5%=0.0794, 10%=0.1575]
INFO:CSMF:|2024-04-03 12:32:04| Round=5 BestEpoch=25 MAE=19.8086 RMSE=58.8173 NMAE=0.4163 NRMSE=0.4874 Training_time=20.7 
INFO:CSMF:|2024-04-03 12:32:04| Acc = [1%=0.0167, 5%=0.0824, 10%=0.1632]
INFO:CSMF:|2024-04-03 12:32:04| ********************Experiment Results:*******************
INFO:CSMF:|2024-04-03 12:32:04| MAE: 19.9097 ± 0.153
INFO:CSMF:|2024-04-03 12:32:04| RMSE: 58.5678 ± 0.299
INFO:CSMF:|2024-04-03 12:32:04| NMAE: 0.4187 ± 0.003
INFO:CSMF:|2024-04-03 12:32:04| NRMSE: 0.4859 ± 0.002
INFO:CSMF:|2024-04-03 12:32:04| TIME: 21.8540 ± 1.712
INFO:CSMF:|2024-04-03 12:32:04| Acc1: 0.0158 ± 0.000
INFO:CSMF:|2024-04-03 12:32:04| Acc5: 0.0790 ± 0.001
INFO:CSMF:|2024-04-03 12:32:04| Acc10: 0.1571 ± 0.003
INFO:CSMF:|2024-04-03 12:32:04| ********************Experiment Success********************
