INFO:CSMF:|2024-04-03 05:20:53| {'ablation': 0,
 'bs': 256,
 'classification': 0,
 'config_path': '/home/yxzeng/code_python/HyperCF/utils/../default_config.yaml',
 'dataset': 'rt',
 'debug': 0,
 'decay': 0.001,
 'density': 0.04,
 'device': 'cpu',
 'dimension': 32,
 'epochs': 300,
 'experiment': 1,
 'head_num': 2,
 'hyperNum': 128,
 'log': <utils.logger.Logger object at 0x7f97fb499910>,
 'logger': 'Experiment',
 'loss_func': 'L1Loss',
 'lr': 0.001,
 'model': 'CSMF',
 'num_layers': 2,
 'optim': 'AdamW',
 'order': 2,
 'path': './datasets/',
 'patience': 10,
 'program_test': 1,
 'record': 1,
 'rounds': 5,
 'saved': 1,
 'seed': 0,
 'serv_num': 5825,
 'user_num': 339,
 'verbose': 1
INFO:CSMF:|2024-04-03 05:20:53| ********************Experiment Start*******************
INFO:CSMF:|2024-04-03 05:22:09| Round=1 BestEpoch=22 MAE=0.4936 RMSE=1.4323 NMAE=0.5430 NRMSE=0.6594 Training_time=26.0 
INFO:CSMF:|2024-04-03 05:22:09| Acc = [1%=0.0157, 5%=0.0778, 10%=0.1546]
INFO:CSMF:|2024-04-03 05:23:34| Round=2 BestEpoch=20 MAE=0.5026 RMSE=1.4458 NMAE=0.5529 NRMSE=0.6654 Training_time=23.0 
INFO:CSMF:|2024-04-03 05:23:34| Acc = [1%=0.0151, 5%=0.0755, 10%=0.1504]
INFO:CSMF:|2024-04-03 05:25:02| Round=3 BestEpoch=18 MAE=0.4884 RMSE=1.4245 NMAE=0.5377 NRMSE=0.6563 Training_time=24.7 
INFO:CSMF:|2024-04-03 05:25:02| Acc = [1%=0.0153, 5%=0.0765, 10%=0.1527]
INFO:CSMF:|2024-04-03 05:26:31| Round=4 BestEpoch=18 MAE=0.4998 RMSE=1.4378 NMAE=0.5504 NRMSE=0.6623 Training_time=24.6 
INFO:CSMF:|2024-04-03 05:26:31| Acc = [1%=0.0150, 5%=0.0748, 10%=0.1494]
INFO:CSMF:|2024-04-03 05:28:04| Round=5 BestEpoch=20 MAE=0.4956 RMSE=1.4348 NMAE=0.5461 NRMSE=0.6612 Training_time=27.5 
INFO:CSMF:|2024-04-03 05:28:04| Acc = [1%=0.0152, 5%=0.0749, 10%=0.1492]
INFO:CSMF:|2024-04-03 05:28:04| ********************Experiment Results:*******************
INFO:CSMF:|2024-04-03 05:28:04| MAE: 0.4960 ± 0.005
INFO:CSMF:|2024-04-03 05:28:04| RMSE: 1.4350 ± 0.007
INFO:CSMF:|2024-04-03 05:28:04| NMAE: 0.5460 ± 0.005
INFO:CSMF:|2024-04-03 05:28:04| NRMSE: 0.6609 ± 0.003
INFO:CSMF:|2024-04-03 05:28:04| TIME: 25.1546 ± 1.496
INFO:CSMF:|2024-04-03 05:28:04| Acc1: 0.0153 ± 0.000
INFO:CSMF:|2024-04-03 05:28:04| Acc5: 0.0759 ± 0.001
INFO:CSMF:|2024-04-03 05:28:04| Acc10: 0.1513 ± 0.002
INFO:CSMF:|2024-04-03 05:28:04| ********************Experiment Success********************
