INFO:NeuCF:|2024-04-03 23:11:50| {'ablation': 0,
 'bs': 256,
 'classification': 0,
 'config_path': '/home/yxzeng/code_python/HyperCF/utils/../default_config.yaml',
 'dataset': 'rt',
 'debug': 0,
 'decay': 0.001,
 'density': 0.1,
 'device': 'cpu',
 'dimension': 32,
 'epochs': 300,
 'experiment': 1,
 'head_num': 2,
 'hyperNum': 128,
 'log': <utils.logger.Logger object at 0x7f2c31747940>,
 'logger': 'Experiment',
 'loss_func': 'L1Loss',
 'lr': 0.001,
 'model': 'NeuCF',
 'num_layers': 2,
 'optim': 'AdamW',
 'order': 2,
 'path': './datasets/',
 'patience': 10,
 'program_test': 1,
 'record': 1,
 'rounds': 5,
 'saved': 1,
 'seed': 0,
 'serv_num': 5825,
 'user_num': 339,
 'verbose': 1
INFO:NeuCF:|2024-04-03 23:11:50| ********************Experiment Start*******************
INFO:NeuCF:|2024-04-03 23:15:10| Round=1 BestEpoch=54 MAE=0.3709 RMSE=1.2948 NMAE=0.4083 NRMSE=0.5964 Training_time=117.3 
INFO:NeuCF:|2024-04-03 23:15:10| Acc = [1%=0.0263, 5%=0.1250, 10%=0.2350]
INFO:NeuCF:|2024-04-03 23:18:07| Round=2 BestEpoch=46 MAE=0.3707 RMSE=1.2799 NMAE=0.4077 NRMSE=0.5888 Training_time=99.6 
INFO:NeuCF:|2024-04-03 23:18:07| Acc = [1%=0.0240, 5%=0.1171, 10%=0.2212]
INFO:NeuCF:|2024-04-03 23:21:47| Round=3 BestEpoch=61 MAE=0.3705 RMSE=1.2807 NMAE=0.4082 NRMSE=0.5905 Training_time=132.2 
INFO:NeuCF:|2024-04-03 23:21:47| Acc = [1%=0.0260, 5%=0.1239, 10%=0.2320]
INFO:NeuCF:|2024-04-03 23:25:00| Round=4 BestEpoch=52 MAE=0.3662 RMSE=1.2826 NMAE=0.4036 NRMSE=0.5913 Training_time=111.7 
INFO:NeuCF:|2024-04-03 23:25:00| Acc = [1%=0.0273, 5%=0.1278, 10%=0.2383]
INFO:NeuCF:|2024-04-03 23:28:01| Round=5 BestEpoch=48 MAE=0.3670 RMSE=1.2867 NMAE=0.4044 NRMSE=0.5931 Training_time=102.3 
INFO:NeuCF:|2024-04-03 23:28:01| Acc = [1%=0.0261, 5%=0.1230, 10%=0.2311]
INFO:NeuCF:|2024-04-03 23:28:01| ********************Experiment Results:*******************
INFO:NeuCF:|2024-04-03 23:28:01| MAE: 0.3690 ± 0.002
INFO:NeuCF:|2024-04-03 23:28:01| RMSE: 1.2849 ± 0.005
INFO:NeuCF:|2024-04-03 23:28:01| NMAE: 0.4064 ± 0.002
INFO:NeuCF:|2024-04-03 23:28:01| NRMSE: 0.5920 ± 0.002
INFO:NeuCF:|2024-04-03 23:28:01| TIME: 112.6177 ± 11.686
INFO:NeuCF:|2024-04-03 23:28:01| Acc1: 0.0259 ± 0.001
INFO:NeuCF:|2024-04-03 23:28:01| Acc5: 0.1234 ± 0.003
INFO:NeuCF:|2024-04-03 23:28:01| Acc10: 0.2315 ± 0.005
INFO:NeuCF:|2024-04-03 23:28:01| ********************Experiment Success********************
