INFO:GraphMF:|2024-04-03 07:08:13| {'ablation': 0,
 'bs': 256,
 'classification': 0,
 'config_path': '/home/yxzeng/code_python/HyperCF/utils/../default_config.yaml',
 'dataset': 'rt',
 'debug': 0,
 'decay': 0.001,
 'density': 0.1,
 'device': 'cpu',
 'dimension': 32,
 'epochs': 300,
 'experiment': 1,
 'head_num': 2,
 'hyperNum': 128,
 'log': <utils.logger.Logger object at 0x7fae7b11e880>,
 'logger': 'Experiment',
 'loss_func': 'L1Loss',
 'lr': 0.001,
 'model': 'GraphMF',
 'num_layers': 2,
 'optim': 'AdamW',
 'order': 2,
 'path': './datasets/',
 'patience': 10,
 'program_test': 1,
 'record': 1,
 'rounds': 5,
 'saved': 1,
 'seed': 0,
 'serv_num': 5825,
 'user_num': 339,
 'verbose': 1
INFO:GraphMF:|2024-04-03 07:08:13| ********************Experiment Start*******************
INFO:GraphMF:|2024-04-03 07:13:02| Round=1 BestEpoch=34 MAE=0.3316 RMSE=1.2486 NMAE=0.3650 NRMSE=0.5751 Training_time=172.0 
INFO:GraphMF:|2024-04-03 07:13:02| Acc = [1%=0.0425, 5%=0.2007, 10%=0.3589]
INFO:GraphMF:|2024-04-03 07:17:35| Round=2 BestEpoch=32 MAE=0.3241 RMSE=1.2301 NMAE=0.3565 NRMSE=0.5658 Training_time=159.4 
INFO:GraphMF:|2024-04-03 07:17:35| Acc = [1%=0.0455, 5%=0.2136, 10%=0.3753]
INFO:GraphMF:|2024-04-03 07:21:41| Round=3 BestEpoch=31 MAE=0.3257 RMSE=1.2246 NMAE=0.3589 NRMSE=0.5647 Training_time=149.9 
INFO:GraphMF:|2024-04-03 07:21:41| Acc = [1%=0.0457, 5%=0.2101, 10%=0.3697]
INFO:GraphMF:|2024-04-03 07:25:19| Round=4 BestEpoch=28 MAE=0.3287 RMSE=1.2348 NMAE=0.3623 NRMSE=0.5693 Training_time=116.2 
INFO:GraphMF:|2024-04-03 07:25:19| Acc = [1%=0.0379, 5%=0.1780, 10%=0.3287]
INFO:GraphMF:|2024-04-03 07:29:34| Round=5 BestEpoch=29 MAE=0.3268 RMSE=1.2321 NMAE=0.3601 NRMSE=0.5679 Training_time=144.0 
INFO:GraphMF:|2024-04-03 07:29:34| Acc = [1%=0.0441, 5%=0.2071, 10%=0.3670]
INFO:GraphMF:|2024-04-03 07:29:34| ********************Experiment Results:*******************
INFO:GraphMF:|2024-04-03 07:29:34| MAE: 0.3274 ± 0.002
INFO:GraphMF:|2024-04-03 07:29:34| RMSE: 1.2340 ± 0.008
INFO:GraphMF:|2024-04-03 07:29:34| NMAE: 0.3606 ± 0.002
INFO:GraphMF:|2024-04-03 07:29:34| NRMSE: 0.5686 ± 0.003
INFO:GraphMF:|2024-04-03 07:29:34| TIME: 148.2800 ± 18.650
INFO:GraphMF:|2024-04-03 07:29:34| Acc1: 0.0432 ± 0.002
INFO:GraphMF:|2024-04-03 07:29:34| Acc5: 0.2019 ± 0.012
INFO:GraphMF:|2024-04-03 07:29:34| Acc10: 0.3599 ± 0.016
INFO:GraphMF:|2024-04-03 07:29:34| ********************Experiment Success********************
