INFO:NeuCF:|2024-04-03 22:24:52| {'ablation': 0,
 'bs': 256,
 'classification': 0,
 'config_path': '/home/yxzeng/code_python/HyperCF/utils/../default_config.yaml',
 'dataset': 'rt',
 'debug': 0,
 'decay': 0.001,
 'density': 0.04,
 'device': 'cpu',
 'dimension': 32,
 'epochs': 300,
 'experiment': 1,
 'head_num': 2,
 'hyperNum': 128,
 'log': <utils.logger.Logger object at 0x7f49c24919a0>,
 'logger': 'Experiment',
 'loss_func': 'L1Loss',
 'lr': 0.001,
 'model': 'NeuCF',
 'num_layers': 2,
 'optim': 'AdamW',
 'order': 2,
 'path': './datasets/',
 'patience': 10,
 'program_test': 1,
 'record': 1,
 'rounds': 5,
 'saved': 1,
 'seed': 0,
 'serv_num': 5825,
 'user_num': 339,
 'verbose': 1
INFO:NeuCF:|2024-04-03 22:24:52| ********************Experiment Start*******************
INFO:NeuCF:|2024-04-03 22:26:59| Round=1 BestEpoch=58 MAE=0.4554 RMSE=1.3950 NMAE=0.5010 NRMSE=0.6422 Training_time=48.7 
INFO:NeuCF:|2024-04-03 22:26:59| Acc = [1%=0.0147, 5%=0.0726, 10%=0.1437]
INFO:NeuCF:|2024-04-03 22:29:16| Round=2 BestEpoch=44 MAE=0.4641 RMSE=1.4071 NMAE=0.5104 NRMSE=0.6476 Training_time=48.5 
INFO:NeuCF:|2024-04-03 22:29:16| Acc = [1%=0.0147, 5%=0.0728, 10%=0.1424]
INFO:NeuCF:|2024-04-03 22:31:45| Round=3 BestEpoch=50 MAE=0.4578 RMSE=1.3922 NMAE=0.5040 NRMSE=0.6414 Training_time=55.0 
INFO:NeuCF:|2024-04-03 22:31:45| Acc = [1%=0.0155, 5%=0.0768, 10%=0.1497]
INFO:NeuCF:|2024-04-03 22:34:23| Round=4 BestEpoch=54 MAE=0.4515 RMSE=1.3728 NMAE=0.4972 NRMSE=0.6324 Training_time=59.5 
INFO:NeuCF:|2024-04-03 22:34:23| Acc = [1%=0.0155, 5%=0.0765, 10%=0.1491]
INFO:NeuCF:|2024-04-03 22:37:16| Round=5 BestEpoch=61 MAE=0.4455 RMSE=1.3830 NMAE=0.4908 NRMSE=0.6373 Training_time=67.1 
INFO:NeuCF:|2024-04-03 22:37:16| Acc = [1%=0.0148, 5%=0.0726, 10%=0.1402]
INFO:NeuCF:|2024-04-03 22:37:16| ********************Experiment Results:*******************
INFO:NeuCF:|2024-04-03 22:37:16| MAE: 0.4548 ± 0.006
INFO:NeuCF:|2024-04-03 22:37:16| RMSE: 1.3900 ± 0.011
INFO:NeuCF:|2024-04-03 22:37:16| NMAE: 0.5007 ± 0.006
INFO:NeuCF:|2024-04-03 22:37:16| NRMSE: 0.6402 ± 0.005
INFO:NeuCF:|2024-04-03 22:37:16| TIME: 55.7561 ± 7.029
INFO:NeuCF:|2024-04-03 22:37:16| Acc1: 0.0151 ± 0.000
INFO:NeuCF:|2024-04-03 22:37:16| Acc5: 0.0743 ± 0.002
INFO:NeuCF:|2024-04-03 22:37:16| Acc10: 0.1450 ± 0.003
INFO:NeuCF:|2024-04-03 22:37:16| ********************Experiment Success********************
