INFO:CSMF:|2024-04-03 12:12:39| {'ablation': 0,
 'bs': 256,
 'classification': 0,
 'config_path': '/home/yxzeng/code_python/HyperCF/utils/../default_config.yaml',
 'dataset': 'tp',
 'debug': 0,
 'decay': 0.001,
 'density': 0.02,
 'device': 'cpu',
 'dimension': 32,
 'epochs': 300,
 'experiment': 1,
 'head_num': 2,
 'hyperNum': 128,
 'log': <utils.logger.Logger object at 0x7ff98f714850>,
 'logger': 'Experiment',
 'loss_func': 'L1Loss',
 'lr': 0.001,
 'model': 'CSMF',
 'num_layers': 2,
 'optim': 'AdamW',
 'order': 2,
 'path': './datasets/',
 'patience': 10,
 'program_test': 1,
 'record': 1,
 'rounds': 5,
 'saved': 1,
 'seed': 0,
 'serv_num': 5825,
 'user_num': 339,
 'verbose': 1
INFO:CSMF:|2024-04-03 12:12:39| ********************Experiment Start*******************
INFO:CSMF:|2024-04-03 12:13:50| Round=1 BestEpoch=32 MAE=23.4158 RMSE=65.9123 NMAE=0.4928 NRMSE=0.5473 Training_time=18.8 
INFO:CSMF:|2024-04-03 12:13:50| Acc = [1%=0.0124, 5%=0.0619, 10%=0.1235]
INFO:CSMF:|2024-04-03 12:15:00| Round=2 BestEpoch=30 MAE=23.0679 RMSE=65.0851 NMAE=0.4851 NRMSE=0.5399 Training_time=17.6 
INFO:CSMF:|2024-04-03 12:15:00| Acc = [1%=0.0131, 5%=0.0647, 10%=0.1295]
INFO:CSMF:|2024-04-03 12:16:05| Round=3 BestEpoch=27 MAE=23.3369 RMSE=65.9681 NMAE=0.4909 NRMSE=0.5474 Training_time=15.9 
INFO:CSMF:|2024-04-03 12:16:05| Acc = [1%=0.0128, 5%=0.0637, 10%=0.1273]
INFO:CSMF:|2024-04-03 12:17:15| Round=4 BestEpoch=31 MAE=22.9015 RMSE=64.8087 NMAE=0.4815 NRMSE=0.5377 Training_time=18.3 
INFO:CSMF:|2024-04-03 12:17:15| Acc = [1%=0.0130, 5%=0.0644, 10%=0.1279]
INFO:CSMF:|2024-04-03 12:18:22| Round=5 BestEpoch=28 MAE=22.2408 RMSE=64.3626 NMAE=0.4674 NRMSE=0.5335 Training_time=16.5 
INFO:CSMF:|2024-04-03 12:18:22| Acc = [1%=0.0138, 5%=0.0688, 10%=0.1368]
INFO:CSMF:|2024-04-03 12:18:22| ********************Experiment Results:*******************
INFO:CSMF:|2024-04-03 12:18:22| MAE: 22.9926 ± 0.418
INFO:CSMF:|2024-04-03 12:18:22| RMSE: 65.2274 ± 0.626
INFO:CSMF:|2024-04-03 12:18:22| NMAE: 0.4836 ± 0.009
INFO:CSMF:|2024-04-03 12:18:22| NRMSE: 0.5411 ± 0.005
INFO:CSMF:|2024-04-03 12:18:22| TIME: 17.4300 ± 1.081
INFO:CSMF:|2024-04-03 12:18:22| Acc1: 0.0130 ± 0.000
INFO:CSMF:|2024-04-03 12:18:22| Acc5: 0.0647 ± 0.002
INFO:CSMF:|2024-04-03 12:18:22| Acc10: 0.1290 ± 0.004
INFO:CSMF:|2024-04-03 12:18:22| ********************Experiment Success********************
