INFO:GATCF:|2024-04-04 00:53:54| {'ablation': 0,
 'agg': 'None',
 'bs': 256,
 'classification': 0,
 'config_path': '/home/yxzeng/code_python/HyperCF/utils/../default_config.yaml',
 'dataset': 'rt',
 'debug': 0,
 'decay': 0.001,
 'density': 0.1,
 'device': 'cpu',
 'dimension': 32,
 'epochs': 100,
 'experiment': 1,
 'head_num': 1,
 'hyperNum': 128,
 'log': <utils.logger.Logger object at 0x7f647f638e20>,
 'logger': 'Experiment',
 'loss_func': 'L1Loss',
 'lr': 0.001,
 'model': 'GATCF',
 'num_layers': 2,
 'optim': 'AdamW',
 'order': 2,
 'path': './datasets/',
 'patience': 15,
 'program_test': 0,
 'record': 0,
 'rounds': 1,
 'saved': 1,
 'seed': 0,
 'serv_num': 5825,
 'user_num': 339,
 'verbose': 1
INFO:GATCF:|2024-04-04 00:53:54| ********************Experiment Start*******************
INFO:GATCF:|2024-04-04 01:01:05| Round=1 BestEpoch=50 MAE=0.3199 RMSE=1.2098 NMAE=0.3522 NRMSE=0.5573 Training_time=261.4 
INFO:GATCF:|2024-04-04 01:01:05| Acc = [1%=0.0493, 5%=0.2235, 10%=0.3875]
INFO:GATCF:|2024-04-04 01:01:05| ********************Experiment Results:*******************
INFO:GATCF:|2024-04-04 01:01:05| MAE: 0.3199 ± 0.000
INFO:GATCF:|2024-04-04 01:01:05| RMSE: 1.2098 ± 0.000
INFO:GATCF:|2024-04-04 01:01:05| NMAE: 0.3522 ± 0.000
INFO:GATCF:|2024-04-04 01:01:05| NRMSE: 0.5573 ± 0.000
INFO:GATCF:|2024-04-04 01:01:05| TIME: 261.4355 ± 0.000
INFO:GATCF:|2024-04-04 01:01:05| Acc1: 0.0493 ± 0.000
INFO:GATCF:|2024-04-04 01:01:05| Acc5: 0.2235 ± 0.000
INFO:GATCF:|2024-04-04 01:01:05| Acc10: 0.3875 ± 0.000
INFO:GATCF:|2024-04-04 01:01:05| ********************Experiment Success********************
