INFO:MF:|2024-04-03 02:50:49| {'ablation': 0,
 'bs': 256,
 'classification': 0,
 'config_path': '/home/yxzeng/code_python/HyperCF/utils/../default_config.yaml',
 'dataset': 'rt',
 'debug': 0,
 'decay': 0.001,
 'density': 0.05,
 'device': 'cpu',
 'dimension': 32,
 'epochs': 300,
 'experiment': 1,
 'head_num': 2,
 'hyperNum': 128,
 'log': <utils.logger.Logger object at 0x7f2619f5b8e0>,
 'logger': 'Experiment',
 'loss_func': 'L1Loss',
 'lr': 0.001,
 'model': 'MF',
 'num_layers': 2,
 'optim': 'AdamW',
 'order': 2,
 'path': './datasets/',
 'patience': 10,
 'program_test': 1,
 'record': 1,
 'rounds': 5,
 'saved': 1,
 'seed': 0,
 'serv_num': 5825,
 'user_num': 339,
 'verbose': 1
INFO:MF:|2024-04-03 02:50:49| ********************Experiment Start*******************
INFO:MF:|2024-04-03 03:00:59| Round=1 BestEpoch=300 MAE=1.1481 RMSE=2.2920 NMAE=1.2636 NRMSE=1.0554 Training_time=308.0 
INFO:MF:|2024-04-03 03:00:59| Acc = [1%=0.0052, 5%=0.0259, 10%=0.0516]
INFO:MF:|2024-04-03 03:12:04| Round=2 BestEpoch=300 MAE=1.1967 RMSE=2.2996 NMAE=1.3165 NRMSE=1.0583 Training_time=332.2 
INFO:MF:|2024-04-03 03:12:04| Acc = [1%=0.0050, 5%=0.0246, 10%=0.0491]
INFO:MF:|2024-04-03 03:23:05| Round=3 BestEpoch=300 MAE=1.1408 RMSE=2.2124 NMAE=1.2558 NRMSE=1.0192 Training_time=329.8 
INFO:MF:|2024-04-03 03:23:05| Acc = [1%=0.0049, 5%=0.0248, 10%=0.0496]
INFO:MF:|2024-04-03 03:34:07| Round=4 BestEpoch=300 MAE=1.1641 RMSE=2.2685 NMAE=1.2822 NRMSE=1.0453 Training_time=329.4 
INFO:MF:|2024-04-03 03:34:07| Acc = [1%=0.0049, 5%=0.0244, 10%=0.0486]
INFO:MF:|2024-04-03 03:45:09| Round=5 BestEpoch=300 MAE=1.1714 RMSE=2.2762 NMAE=1.2907 NRMSE=1.0490 Training_time=329.8 
INFO:MF:|2024-04-03 03:45:09| Acc = [1%=0.0050, 5%=0.0249, 10%=0.0494]
INFO:MF:|2024-04-03 03:45:09| ********************Experiment Results:*******************
INFO:MF:|2024-04-03 03:45:09| MAE: 1.1642 ± 0.019
INFO:MF:|2024-04-03 03:45:09| RMSE: 2.2697 ± 0.030
INFO:MF:|2024-04-03 03:45:09| NMAE: 1.2818 ± 0.021
INFO:MF:|2024-04-03 03:45:09| NRMSE: 1.0455 ± 0.013
INFO:MF:|2024-04-03 03:45:09| TIME: 325.8523 ± 8.974
INFO:MF:|2024-04-03 03:45:09| Acc1: 0.0050 ± 0.000
INFO:MF:|2024-04-03 03:45:09| Acc5: 0.0249 ± 0.000
INFO:MF:|2024-04-03 03:45:09| Acc10: 0.0497 ± 0.001
INFO:MF:|2024-04-03 03:45:09| ********************Experiment Success********************
