INFO:CSMF:|2024-04-03 12:40:26| {'ablation': 0,
 'bs': 256,
 'classification': 0,
 'config_path': '/home/yxzeng/code_python/HyperCF/utils/../default_config.yaml',
 'dataset': 'tp',
 'debug': 0,
 'decay': 0.001,
 'density': 0.05,
 'device': 'cpu',
 'dimension': 32,
 'epochs': 300,
 'experiment': 1,
 'head_num': 2,
 'hyperNum': 128,
 'log': <utils.logger.Logger object at 0x7fbd3cfd9910>,
 'logger': 'Experiment',
 'loss_func': 'L1Loss',
 'lr': 0.001,
 'model': 'CSMF',
 'num_layers': 2,
 'optim': 'AdamW',
 'order': 2,
 'path': './datasets/',
 'patience': 10,
 'program_test': 1,
 'record': 1,
 'rounds': 5,
 'saved': 1,
 'seed': 0,
 'serv_num': 5825,
 'user_num': 339,
 'verbose': 1
INFO:CSMF:|2024-04-03 12:40:26| ********************Experiment Start*******************
INFO:CSMF:|2024-04-03 12:42:29| Round=1 BestEpoch=26 MAE=16.8151 RMSE=51.7969 NMAE=0.3537 NRMSE=0.4298 Training_time=47.1 
INFO:CSMF:|2024-04-03 12:42:29| Acc = [1%=0.0197, 5%=0.0984, 10%=0.1939]
INFO:CSMF:|2024-04-03 12:44:51| Round=2 BestEpoch=33 MAE=17.0925 RMSE=52.3848 NMAE=0.3597 NRMSE=0.4348 Training_time=59.9 
INFO:CSMF:|2024-04-03 12:44:51| Acc = [1%=0.0198, 5%=0.0988, 10%=0.1945]
INFO:CSMF:|2024-04-03 12:46:45| Round=3 BestEpoch=24 MAE=16.9107 RMSE=51.3660 NMAE=0.3557 NRMSE=0.4262 Training_time=41.7 
INFO:CSMF:|2024-04-03 12:46:45| Acc = [1%=0.0195, 5%=0.0970, 10%=0.1911]
INFO:CSMF:|2024-04-03 12:48:48| Round=4 BestEpoch=27 MAE=16.9663 RMSE=52.6045 NMAE=0.3568 NRMSE=0.4366 Training_time=46.7 
INFO:CSMF:|2024-04-03 12:48:48| Acc = [1%=0.0210, 5%=0.1032, 10%=0.2023]
INFO:CSMF:|2024-04-03 12:50:50| Round=5 BestEpoch=27 MAE=16.9395 RMSE=52.6582 NMAE=0.3560 NRMSE=0.4365 Training_time=46.7 
INFO:CSMF:|2024-04-03 12:50:50| Acc = [1%=0.0202, 5%=0.1006, 10%=0.1980]
INFO:CSMF:|2024-04-03 12:50:50| ********************Experiment Results:*******************
INFO:CSMF:|2024-04-03 12:50:50| MAE: 16.9448 ± 0.089
INFO:CSMF:|2024-04-03 12:50:50| RMSE: 52.1621 ± 0.501
INFO:CSMF:|2024-04-03 12:50:50| NMAE: 0.3564 ± 0.001
INFO:CSMF:|2024-04-03 12:50:50| NRMSE: 0.4328 ± 0.004
INFO:CSMF:|2024-04-03 12:50:50| TIME: 48.4254 ± 6.072
INFO:CSMF:|2024-04-03 12:50:50| Acc1: 0.0200 ± 0.000
INFO:CSMF:|2024-04-03 12:50:50| Acc5: 0.0996 ± 0.002
INFO:CSMF:|2024-04-03 12:50:50| Acc10: 0.1960 ± 0.003
INFO:CSMF:|2024-04-03 12:50:50| ********************Experiment Success********************
