INFO:GATCF:|2024-04-02 16:54:47| {'ablation': 0,
 'bs': 256,
 'classification': 0,
 'config_path': '/home/yxzeng/code_python/HyperCF/utils/../default_config.yaml',
 'dataset': 'tp',
 'debug': 0,
 'decay': 0.001,
 'density': 0.04,
 'device': 'cuda',
 'dimension': 32,
 'epochs': 300,
 'experiment': 1,
 'head_num': 2,
 'log': <utils.logger.Logger object at 0x7f603fc072e0>,
 'logger': 'Experiment',
 'loss_func': 'L1Loss',
 'lr': 0.001,
 'model': 'GATCF',
 'optim': 'AdamW',
 'order': 1,
 'path': './datasets/',
 'patience': 10,
 'program_test': 1,
 'record': 1,
 'rounds': 5,
 'saved': 1,
 'seed': 0,
 'serv_num': 5825,
 'user_num': 339,
 'verbose': 1
INFO:GATCF:|2024-04-02 16:54:47| ********************Experiment Start*******************
INFO:GATCF:|2024-04-02 17:01:01| Round=1 BestEpoch=87 MAE=13.8415 RMSE=46.9699 NMAE=0.2911 NRMSE=0.3897 Training_time=224.7 
INFO:GATCF:|2024-04-02 17:01:01| Acc = [1%=0.0337, 5%=0.1645, 10%=0.3076]
INFO:GATCF:|2024-04-02 17:03:41| Round=2 BestEpoch=46 MAE=13.8722 RMSE=47.6228 NMAE=0.2918 NRMSE=0.3952 Training_time=80.7 
INFO:GATCF:|2024-04-02 17:03:41| Acc = [1%=0.0331, 5%=0.1615, 10%=0.3001]
INFO:GATCF:|2024-04-02 17:05:43| Round=3 BestEpoch=33 MAE=14.2107 RMSE=47.8648 NMAE=0.2988 NRMSE=0.3970 Training_time=57.0 
INFO:GATCF:|2024-04-02 17:05:43| Acc = [1%=0.0300, 5%=0.1481, 10%=0.2839]
INFO:GATCF:|2024-04-02 17:08:55| Round=4 BestEpoch=59 MAE=13.8493 RMSE=47.4727 NMAE=0.2912 NRMSE=0.3940 Training_time=105.7 
INFO:GATCF:|2024-04-02 17:08:55| Acc = [1%=0.0336, 5%=0.1640, 10%=0.3080]
INFO:GATCF:|2024-04-02 17:11:25| Round=5 BestEpoch=43 MAE=14.0501 RMSE=48.1012 NMAE=0.2953 NRMSE=0.3988 Training_time=76.4 
INFO:GATCF:|2024-04-02 17:11:25| Acc = [1%=0.0322, 5%=0.1578, 10%=0.2962]
INFO:GATCF:|2024-04-02 17:11:25| ********************Experiment Results:*******************
INFO:GATCF:|2024-04-02 17:11:25| MAE: 13.9647 ± 0.144
INFO:GATCF:|2024-04-02 17:11:25| RMSE: 47.6063 ± 0.383
INFO:GATCF:|2024-04-02 17:11:25| NMAE: 0.2937 ± 0.003
INFO:GATCF:|2024-04-02 17:11:25| NRMSE: 0.3949 ± 0.003
INFO:GATCF:|2024-04-02 17:11:25| TIME: 108.8971 ± 59.936
INFO:GATCF:|2024-04-02 17:11:25| Acc1: 0.0325 ± 0.001
INFO:GATCF:|2024-04-02 17:11:25| Acc5: 0.1592 ± 0.006
INFO:GATCF:|2024-04-02 17:11:25| Acc10: 0.2992 ± 0.008
INFO:GATCF:|2024-04-02 17:11:25| ********************Experiment Success********************
