INFO:CSMF:|2024-04-03 12:50:51| {'ablation': 0,
 'bs': 256,
 'classification': 0,
 'config_path': '/home/yxzeng/code_python/HyperCF/utils/../default_config.yaml',
 'dataset': 'tp',
 'debug': 0,
 'decay': 0.001,
 'density': 0.075,
 'device': 'cpu',
 'dimension': 32,
 'epochs': 300,
 'experiment': 1,
 'head_num': 2,
 'hyperNum': 128,
 'log': <utils.logger.Logger object at 0x7fd39a57d9a0>,
 'logger': 'Experiment',
 'loss_func': 'L1Loss',
 'lr': 0.001,
 'model': 'CSMF',
 'num_layers': 2,
 'optim': 'AdamW',
 'order': 2,
 'path': './datasets/',
 'patience': 10,
 'program_test': 1,
 'record': 1,
 'rounds': 5,
 'saved': 1,
 'seed': 0,
 'serv_num': 5825,
 'user_num': 339,
 'verbose': 1
INFO:CSMF:|2024-04-03 12:50:51| ********************Experiment Start*******************
INFO:CSMF:|2024-04-03 12:53:00| Round=1 BestEpoch=33 MAE=15.3536 RMSE=48.8280 NMAE=0.3232 NRMSE=0.4055 Training_time=63.3 
INFO:CSMF:|2024-04-03 12:53:00| Acc = [1%=0.0233, 5%=0.1153, 10%=0.2241]
INFO:CSMF:|2024-04-03 12:55:24| Round=2 BestEpoch=38 MAE=15.0441 RMSE=47.7379 NMAE=0.3166 NRMSE=0.3962 Training_time=73.2 
INFO:CSMF:|2024-04-03 12:55:24| Acc = [1%=0.0239, 5%=0.1189, 10%=0.2313]
INFO:CSMF:|2024-04-03 12:57:31| Round=3 BestEpoch=32 MAE=14.9644 RMSE=47.3330 NMAE=0.3147 NRMSE=0.3928 Training_time=61.5 
INFO:CSMF:|2024-04-03 12:57:31| Acc = [1%=0.0233, 5%=0.1163, 10%=0.2261]
INFO:CSMF:|2024-04-03 12:59:46| Round=4 BestEpoch=35 MAE=15.4589 RMSE=48.7308 NMAE=0.3248 NRMSE=0.4043 Training_time=67.4 
INFO:CSMF:|2024-04-03 12:59:46| Acc = [1%=0.0231, 5%=0.1140, 10%=0.2227]
INFO:CSMF:|2024-04-03 13:01:59| Round=5 BestEpoch=34 MAE=15.1027 RMSE=48.5501 NMAE=0.3174 NRMSE=0.4025 Training_time=65.7 
INFO:CSMF:|2024-04-03 13:01:59| Acc = [1%=0.0244, 5%=0.1204, 10%=0.2334]
INFO:CSMF:|2024-04-03 13:01:59| ********************Experiment Results:*******************
INFO:CSMF:|2024-04-03 13:01:59| MAE: 15.1848 ± 0.189
INFO:CSMF:|2024-04-03 13:01:59| RMSE: 48.2360 ± 0.592
INFO:CSMF:|2024-04-03 13:01:59| NMAE: 0.3193 ± 0.003
INFO:CSMF:|2024-04-03 13:01:59| NRMSE: 0.4003 ± 0.004
INFO:CSMF:|2024-04-03 13:01:59| TIME: 66.2095 ± 4.021
INFO:CSMF:|2024-04-03 13:01:59| Acc1: 0.0236 ± 0.000
INFO:CSMF:|2024-04-03 13:01:59| Acc5: 0.1170 ± 0.002
INFO:CSMF:|2024-04-03 13:01:59| Acc10: 0.2275 ± 0.004
INFO:CSMF:|2024-04-03 13:01:59| ********************Experiment Success********************
