INFO:NeuCF:|2024-04-03 10:12:40| {'ablation': 0,
 'bs': 256,
 'classification': 0,
 'config_path': '/home/yxzeng/code_python/HyperCF/utils/../default_config.yaml',
 'dataset': 'tp',
 'debug': 0,
 'decay': 0.001,
 'density': 0.02,
 'device': 'cpu',
 'dimension': 32,
 'epochs': 300,
 'experiment': 1,
 'head_num': 2,
 'hyperNum': 128,
 'log': <utils.logger.Logger object at 0x7f686b264910>,
 'logger': 'Experiment',
 'loss_func': 'L1Loss',
 'lr': 0.001,
 'model': 'NeuCF',
 'num_layers': 2,
 'optim': 'AdamW',
 'order': 2,
 'path': './datasets/',
 'patience': 10,
 'program_test': 1,
 'record': 1,
 'rounds': 5,
 'saved': 1,
 'seed': 0,
 'serv_num': 5825,
 'user_num': 339,
 'verbose': 1
INFO:NeuCF:|2024-04-03 10:12:40| ********************Experiment Start*******************
INFO:NeuCF:|2024-04-03 10:17:15| Round=1 BestEpoch=51 MAE=26.1355 RMSE=72.1674 NMAE=0.5500 NRMSE=0.5992 Training_time=63.9 
INFO:NeuCF:|2024-04-03 10:17:15| Acc = [1%=0.0100, 5%=0.0503, 10%=0.1006]
INFO:NeuCF:|2024-04-03 10:21:37| Round=2 BestEpoch=51 MAE=26.5095 RMSE=71.0991 NMAE=0.5575 NRMSE=0.5898 Training_time=60.0 
INFO:NeuCF:|2024-04-03 10:21:37| Acc = [1%=0.0099, 5%=0.0498, 10%=0.0992]
INFO:NeuCF:|2024-04-03 10:25:53| Round=3 BestEpoch=73 MAE=26.7887 RMSE=73.0370 NMAE=0.5635 NRMSE=0.6060 Training_time=58.5 
INFO:NeuCF:|2024-04-03 10:25:53| Acc = [1%=0.0102, 5%=0.0514, 10%=0.1025]
INFO:NeuCF:|2024-04-03 10:27:25| Round=4 BestEpoch=56 MAE=26.6596 RMSE=72.0781 NMAE=0.5606 NRMSE=0.5980 Training_time=24.0 
INFO:NeuCF:|2024-04-03 10:27:25| Acc = [1%=0.0097, 5%=0.0480, 10%=0.0956]
INFO:NeuCF:|2024-04-03 10:29:12| Round=5 BestEpoch=69 MAE=25.9229 RMSE=70.4747 NMAE=0.5448 NRMSE=0.5841 Training_time=29.6 
INFO:NeuCF:|2024-04-03 10:29:12| Acc = [1%=0.0102, 5%=0.0509, 10%=0.1019]
INFO:NeuCF:|2024-04-03 10:29:12| ********************Experiment Results:*******************
INFO:NeuCF:|2024-04-03 10:29:12| MAE: 26.4033 ± 0.325
INFO:NeuCF:|2024-04-03 10:29:12| RMSE: 71.7713 ± 0.892
INFO:NeuCF:|2024-04-03 10:29:12| NMAE: 0.5553 ± 0.006
INFO:NeuCF:|2024-04-03 10:29:12| NRMSE: 0.5954 ± 0.007
INFO:NeuCF:|2024-04-03 10:29:12| TIME: 47.1935 ± 16.827
INFO:NeuCF:|2024-04-03 10:29:12| Acc1: 0.0100 ± 0.000
INFO:NeuCF:|2024-04-03 10:29:12| Acc5: 0.0501 ± 0.001
INFO:NeuCF:|2024-04-03 10:29:12| Acc10: 0.1000 ± 0.002
INFO:NeuCF:|2024-04-03 10:29:12| ********************Experiment Success********************
