INFO:GraphMF:|2024-04-03 13:25:46| {'ablation': 0,
 'bs': 256,
 'classification': 0,
 'config_path': '/home/yxzeng/code_python/HyperCF/utils/../default_config.yaml',
 'dataset': 'tp',
 'debug': 0,
 'decay': 0.001,
 'density': 0.02,
 'device': 'cpu',
 'dimension': 32,
 'epochs': 300,
 'experiment': 1,
 'head_num': 2,
 'hyperNum': 128,
 'log': <utils.logger.Logger object at 0x7f14347868b0>,
 'logger': 'Experiment',
 'loss_func': 'L1Loss',
 'lr': 0.001,
 'model': 'GraphMF',
 'num_layers': 2,
 'optim': 'AdamW',
 'order': 2,
 'path': './datasets/',
 'patience': 10,
 'program_test': 1,
 'record': 1,
 'rounds': 5,
 'saved': 1,
 'seed': 0,
 'serv_num': 5825,
 'user_num': 339,
 'verbose': 1
INFO:GraphMF:|2024-04-03 13:25:46| ********************Experiment Start*******************
INFO:GraphMF:|2024-04-03 13:27:17| Round=1 BestEpoch=24 MAE=18.0217 RMSE=56.5947 NMAE=0.3793 NRMSE=0.4699 Training_time=24.3 
INFO:GraphMF:|2024-04-03 13:27:17| Acc = [1%=0.0219, 5%=0.1091, 10%=0.2128]
INFO:GraphMF:|2024-04-03 13:29:33| Round=2 BestEpoch=44 MAE=17.3775 RMSE=56.0864 NMAE=0.3655 NRMSE=0.4653 Training_time=45.3 
INFO:GraphMF:|2024-04-03 13:29:33| Acc = [1%=0.0234, 5%=0.1160, 10%=0.2250]
INFO:GraphMF:|2024-04-03 13:31:59| Round=3 BestEpoch=49 MAE=17.6611 RMSE=57.6225 NMAE=0.3715 NRMSE=0.4781 Training_time=50.4 
INFO:GraphMF:|2024-04-03 13:31:59| Acc = [1%=0.0233, 5%=0.1158, 10%=0.2250]
INFO:GraphMF:|2024-04-03 13:34:41| Round=4 BestEpoch=56 MAE=17.5553 RMSE=56.6461 NMAE=0.3691 NRMSE=0.4700 Training_time=57.6 
INFO:GraphMF:|2024-04-03 13:34:41| Acc = [1%=0.0232, 5%=0.1148, 10%=0.2228]
INFO:GraphMF:|2024-04-03 13:36:42| Round=5 BestEpoch=37 MAE=17.8612 RMSE=57.7199 NMAE=0.3754 NRMSE=0.4784 Training_time=38.4 
INFO:GraphMF:|2024-04-03 13:36:42| Acc = [1%=0.0200, 5%=0.1003, 10%=0.2004]
INFO:GraphMF:|2024-04-03 13:36:42| ********************Experiment Results:*******************
INFO:GraphMF:|2024-04-03 13:36:42| MAE: 17.6954 ± 0.226
INFO:GraphMF:|2024-04-03 13:36:42| RMSE: 56.9339 ± 0.633
INFO:GraphMF:|2024-04-03 13:36:42| NMAE: 0.3721 ± 0.004
INFO:GraphMF:|2024-04-03 13:36:42| NRMSE: 0.4723 ± 0.005
INFO:GraphMF:|2024-04-03 13:36:42| TIME: 43.2170 ± 11.362
INFO:GraphMF:|2024-04-03 13:36:42| Acc1: 0.0224 ± 0.001
INFO:GraphMF:|2024-04-03 13:36:42| Acc5: 0.1112 ± 0.006
INFO:GraphMF:|2024-04-03 13:36:42| Acc10: 0.2172 ± 0.009
INFO:GraphMF:|2024-04-03 13:36:42| ********************Experiment Success********************
