INFO:MF:|2024-04-03 09:13:42| {'ablation': 0,
 'bs': 256,
 'classification': 0,
 'config_path': '/home/yxzeng/code_python/HyperCF/utils/../default_config.yaml',
 'dataset': 'tp',
 'debug': 0,
 'decay': 0.001,
 'density': 0.03,
 'device': 'cpu',
 'dimension': 32,
 'epochs': 300,
 'experiment': 1,
 'head_num': 2,
 'hyperNum': 128,
 'log': <utils.logger.Logger object at 0x7f11b50a89d0>,
 'logger': 'Experiment',
 'loss_func': 'L1Loss',
 'lr': 0.001,
 'model': 'MF',
 'num_layers': 2,
 'optim': 'AdamW',
 'order': 2,
 'path': './datasets/',
 'patience': 10,
 'program_test': 1,
 'record': 1,
 'rounds': 5,
 'saved': 1,
 'seed': 0,
 'serv_num': 5825,
 'user_num': 339,
 'verbose': 1
INFO:MF:|2024-04-03 09:13:42| ********************Experiment Start*******************
INFO:MF:|2024-04-03 09:22:54| Round=1 BestEpoch=300 MAE=615.7867 RMSE=945.1502 NMAE=12.9578 NRMSE=7.8466 Training_time=208.9 
INFO:MF:|2024-04-03 09:22:54| Acc = [1%=0.0007, 5%=0.0034, 10%=0.0069]
INFO:MF:|2024-04-03 09:32:04| Round=2 BestEpoch=300 MAE=620.3016 RMSE=949.2556 NMAE=13.0469 NRMSE=7.8760 Training_time=207.3 
INFO:MF:|2024-04-03 09:32:04| Acc = [1%=0.0007, 5%=0.0035, 10%=0.0071]
INFO:MF:|2024-04-03 09:41:14| Round=3 BestEpoch=300 MAE=604.0477 RMSE=920.8073 NMAE=12.7048 NRMSE=7.6403 Training_time=206.7 
INFO:MF:|2024-04-03 09:41:14| Acc = [1%=0.0007, 5%=0.0035, 10%=0.0070]
INFO:MF:|2024-04-03 09:50:05| Round=4 BestEpoch=300 MAE=611.3599 RMSE=915.5284 NMAE=12.8590 NRMSE=7.5996 Training_time=201.0 
INFO:MF:|2024-04-03 09:50:05| Acc = [1%=0.0006, 5%=0.0032, 10%=0.0063]
