INFO:GATCF:|2024-04-04 01:13:09| {'ablation': 0,
 'agg': 'add',
 'bs': 256,
 'classification': 0,
 'config_path': '/home/yxzeng/code_python/HyperCF/utils/../default_config.yaml',
 'dataset': 'rt',
 'debug': 0,
 'decay': 0.001,
 'density': 0.1,
 'device': 'cpu',
 'dimension': 32,
 'epochs': 100,
 'experiment': 1,
 'head_num': 1,
 'hyperNum': 128,
 'log': <utils.logger.Logger object at 0x7efd49b64df0>,
 'logger': 'Experiment',
 'loss_func': 'L1Loss',
 'lr': 0.001,
 'model': 'GATCF',
 'num_layers': 2,
 'optim': 'AdamW',
 'order': 2,
 'path': './datasets/',
 'patience': 15,
 'program_test': 0,
 'record': 0,
 'rounds': 1,
 'saved': 1,
 'seed': 0,
 'serv_num': 5825,
 'user_num': 339,
 'verbose': 1
INFO:GATCF:|2024-04-04 01:13:09| ********************Experiment Start*******************
INFO:GATCF:|2024-04-04 01:18:34| Round=1 BestEpoch=32 MAE=0.3266 RMSE=1.2305 NMAE=0.3595 NRMSE=0.5668 Training_time=174.1 
INFO:GATCF:|2024-04-04 01:18:34| Acc = [1%=0.0473, 5%=0.2153, 10%=0.3772]
INFO:GATCF:|2024-04-04 01:18:34| ********************Experiment Results:*******************
INFO:GATCF:|2024-04-04 01:18:34| MAE: 0.3266 ± 0.000
INFO:GATCF:|2024-04-04 01:18:34| RMSE: 1.2305 ± 0.000
INFO:GATCF:|2024-04-04 01:18:34| NMAE: 0.3595 ± 0.000
INFO:GATCF:|2024-04-04 01:18:34| NRMSE: 0.5668 ± 0.000
INFO:GATCF:|2024-04-04 01:18:34| TIME: 174.0620 ± 0.000
INFO:GATCF:|2024-04-04 01:18:34| Acc1: 0.0473 ± 0.000
INFO:GATCF:|2024-04-04 01:18:34| Acc5: 0.2153 ± 0.000
INFO:GATCF:|2024-04-04 01:18:34| Acc10: 0.3772 ± 0.000
INFO:GATCF:|2024-04-04 01:18:34| ********************Experiment Success********************
