INFO:NeuCF:|2024-04-03 22:37:17| {'ablation': 0,
 'bs': 256,
 'classification': 0,
 'config_path': '/home/yxzeng/code_python/HyperCF/utils/../default_config.yaml',
 'dataset': 'rt',
 'debug': 0,
 'decay': 0.001,
 'density': 0.05,
 'device': 'cpu',
 'dimension': 32,
 'epochs': 300,
 'experiment': 1,
 'head_num': 2,
 'hyperNum': 128,
 'log': <utils.logger.Logger object at 0x7f815ce2c850>,
 'logger': 'Experiment',
 'loss_func': 'L1Loss',
 'lr': 0.001,
 'model': 'NeuCF',
 'num_layers': 2,
 'optim': 'AdamW',
 'order': 2,
 'path': './datasets/',
 'patience': 10,
 'program_test': 1,
 'record': 1,
 'rounds': 5,
 'saved': 1,
 'seed': 0,
 'serv_num': 5825,
 'user_num': 339,
 'verbose': 1
INFO:NeuCF:|2024-04-03 22:37:17| ********************Experiment Start*******************
INFO:NeuCF:|2024-04-03 22:39:14| Round=1 BestEpoch=46 MAE=0.4475 RMSE=1.3759 NMAE=0.4924 NRMSE=0.6336 Training_time=49.7 
INFO:NeuCF:|2024-04-03 22:39:14| Acc = [1%=0.0143, 5%=0.0716, 10%=0.1433]
INFO:NeuCF:|2024-04-03 22:41:13| Round=2 BestEpoch=43 MAE=0.4410 RMSE=1.3629 NMAE=0.4852 NRMSE=0.6273 Training_time=46.7 
INFO:NeuCF:|2024-04-03 22:41:13| Acc = [1%=0.0160, 5%=0.0782, 10%=0.1523]
INFO:NeuCF:|2024-04-03 22:44:22| Round=3 BestEpoch=59 MAE=0.4445 RMSE=1.3660 NMAE=0.4893 NRMSE=0.6293 Training_time=82.7 
INFO:NeuCF:|2024-04-03 22:44:22| Acc = [1%=0.0158, 5%=0.0794, 10%=0.1547]
INFO:NeuCF:|2024-04-03 22:46:58| Round=4 BestEpoch=46 MAE=0.4475 RMSE=1.3556 NMAE=0.4930 NRMSE=0.6247 Training_time=64.5 
INFO:NeuCF:|2024-04-03 22:46:58| Acc = [1%=0.0151, 5%=0.0745, 10%=0.1449]
INFO:NeuCF:|2024-04-03 22:49:28| Round=5 BestEpoch=43 MAE=0.4391 RMSE=1.3658 NMAE=0.4838 NRMSE=0.6295 Training_time=60.4 
INFO:NeuCF:|2024-04-03 22:49:28| Acc = [1%=0.0155, 5%=0.0770, 10%=0.1514]
INFO:NeuCF:|2024-04-03 22:49:28| ********************Experiment Results:*******************
INFO:NeuCF:|2024-04-03 22:49:28| MAE: 0.4439 ± 0.003
INFO:NeuCF:|2024-04-03 22:49:28| RMSE: 1.3653 ± 0.006
INFO:NeuCF:|2024-04-03 22:49:28| NMAE: 0.4888 ± 0.003
INFO:NeuCF:|2024-04-03 22:49:28| NRMSE: 0.6289 ± 0.002
INFO:NeuCF:|2024-04-03 22:49:28| TIME: 60.7878 ± 12.775
INFO:NeuCF:|2024-04-03 22:49:28| Acc1: 0.0153 ± 0.000
INFO:NeuCF:|2024-04-03 22:49:28| Acc5: 0.0761 ± 0.002
INFO:NeuCF:|2024-04-03 22:49:28| Acc10: 0.1493 ± 0.004
INFO:NeuCF:|2024-04-03 22:49:28| ********************Experiment Success********************
