INFO:GATCF:|2024-04-02 16:38:31| {'ablation': 0,
 'bs': 256,
 'classification': 0,
 'config_path': '/home/yxzeng/code_python/HyperCF/utils/../default_config.yaml',
 'dataset': 'tp',
 'debug': 0,
 'decay': 0.001,
 'density': 0.03,
 'device': 'cuda',
 'dimension': 32,
 'epochs': 300,
 'experiment': 1,
 'head_num': 2,
 'log': <utils.logger.Logger object at 0x7f92954952e0>,
 'logger': 'Experiment',
 'loss_func': 'L1Loss',
 'lr': 0.001,
 'model': 'GATCF',
 'optim': 'AdamW',
 'order': 1,
 'path': './datasets/',
 'patience': 10,
 'program_test': 1,
 'record': 1,
 'rounds': 5,
 'saved': 1,
 'seed': 0,
 'serv_num': 5825,
 'user_num': 339,
 'verbose': 1
INFO:GATCF:|2024-04-02 16:38:31| ********************Experiment Start*******************
INFO:GATCF:|2024-04-02 16:41:40| Round=1 BestEpoch=45 MAE=15.1460 RMSE=49.6785 NMAE=0.3187 NRMSE=0.4124 Training_time=88.0 
INFO:GATCF:|2024-04-02 16:41:40| Acc = [1%=0.0292, 5%=0.1436, 10%=0.2720]
INFO:GATCF:|2024-04-02 16:44:17| Round=2 BestEpoch=36 MAE=15.2617 RMSE=50.7055 NMAE=0.3210 NRMSE=0.4207 Training_time=70.8 
INFO:GATCF:|2024-04-02 16:44:17| Acc = [1%=0.0283, 5%=0.1399, 10%=0.2670]
INFO:GATCF:|2024-04-02 16:49:14| Round=3 BestEpoch=81 MAE=14.9306 RMSE=50.2485 NMAE=0.3140 NRMSE=0.4169 Training_time=158.4 
INFO:GATCF:|2024-04-02 16:49:14| Acc = [1%=0.0310, 5%=0.1510, 10%=0.2832]
INFO:GATCF:|2024-04-02 16:51:58| Round=4 BestEpoch=37 MAE=15.4384 RMSE=51.8221 NMAE=0.3247 NRMSE=0.4302 Training_time=73.3 
INFO:GATCF:|2024-04-02 16:51:58| Acc = [1%=0.0273, 5%=0.1350, 10%=0.2601]
INFO:GATCF:|2024-04-02 16:54:46| Round=5 BestEpoch=38 MAE=15.2864 RMSE=51.0861 NMAE=0.3212 NRMSE=0.4234 Training_time=75.9 
INFO:GATCF:|2024-04-02 16:54:46| Acc = [1%=0.0275, 5%=0.1360, 10%=0.2626]
INFO:GATCF:|2024-04-02 16:54:46| ********************Experiment Results:*******************
INFO:GATCF:|2024-04-02 16:54:46| MAE: 15.2126 ± 0.169
INFO:GATCF:|2024-04-02 16:54:46| RMSE: 50.7081 ± 0.728
INFO:GATCF:|2024-04-02 16:54:46| NMAE: 0.3199 ± 0.003
INFO:GATCF:|2024-04-02 16:54:46| NRMSE: 0.4207 ± 0.006
INFO:GATCF:|2024-04-02 16:54:46| TIME: 93.3044 ± 33.088
INFO:GATCF:|2024-04-02 16:54:46| Acc1: 0.0287 ± 0.001
INFO:GATCF:|2024-04-02 16:54:46| Acc5: 0.1411 ± 0.005
INFO:GATCF:|2024-04-02 16:54:46| Acc10: 0.2690 ± 0.008
INFO:GATCF:|2024-04-02 16:54:46| ********************Experiment Success********************
