INFO:GATCF2:|2024-04-04 13:54:43| {'ablation': 0,
 'agg': 'ncf',
 'bs': 256,
 'classification': 0,
 'config_path': '/home/yxzeng/code_python/HyperCF/utils/../default_config.yaml',
 'dataset': 'rt',
 'debug': 0,
 'decay': 0.001,
 'density': 0.1,
 'device': 'cpu',
 'dimension': 32,
 'epochs': 100,
 'experiment': 1,
 'head_num': 1,
 'hyperNum': 128,
 'log': <utils.logger.Logger object at 0x7f758008ceb0>,
 'logger': 'Experiment',
 'loss_func': 'L1Loss',
 'lr': 0.001,
 'model': 'GATCF2',
 'num_layers': 2,
 'optim': 'AdamW',
 'order': 2,
 'path': './datasets/',
 'patience': 15,
 'program_test': 0,
 'record': 0,
 'rounds': 1,
 'saved': 1,
 'seed': 0,
 'serv_num': 5825,
 'user_num': 339,
 'verbose': 1
INFO:GATCF2:|2024-04-04 13:54:43| ********************Experiment Start*******************
INFO:GATCF2:|2024-04-04 14:02:45| Round=1 BestEpoch=19 MAE=0.4287 RMSE=1.3060 NMAE=0.4720 NRMSE=0.6016 Training_time=192.2 
INFO:GATCF2:|2024-04-04 14:02:45| Acc = [1%=0.0184, 5%=0.0912, 10%=0.1779]
INFO:GATCF2:|2024-04-04 14:02:45| ********************Experiment Results:*******************
INFO:GATCF2:|2024-04-04 14:02:45| MAE: 0.4287 ± 0.000
INFO:GATCF2:|2024-04-04 14:02:45| RMSE: 1.3060 ± 0.000
INFO:GATCF2:|2024-04-04 14:02:45| NMAE: 0.4720 ± 0.000
INFO:GATCF2:|2024-04-04 14:02:45| NRMSE: 0.6016 ± 0.000
INFO:GATCF2:|2024-04-04 14:02:45| TIME: 192.2354 ± 0.000
INFO:GATCF2:|2024-04-04 14:02:45| Acc1: 0.0184 ± 0.000
INFO:GATCF2:|2024-04-04 14:02:45| Acc5: 0.0912 ± 0.000
INFO:GATCF2:|2024-04-04 14:02:45| Acc10: 0.1779 ± 0.000
INFO:GATCF2:|2024-04-04 14:02:45| ********************Experiment Success********************
