INFO:GraphMF:|2024-04-03 06:27:21| {'ablation': 0,
 'bs': 256,
 'classification': 0,
 'config_path': '/home/yxzeng/code_python/HyperCF/utils/../default_config.yaml',
 'dataset': 'rt',
 'debug': 0,
 'decay': 0.001,
 'density': 0.04,
 'device': 'cpu',
 'dimension': 32,
 'epochs': 300,
 'experiment': 1,
 'head_num': 2,
 'hyperNum': 128,
 'log': <utils.logger.Logger object at 0x7fa674dc4970>,
 'logger': 'Experiment',
 'loss_func': 'L1Loss',
 'lr': 0.001,
 'model': 'GraphMF',
 'num_layers': 2,
 'optim': 'AdamW',
 'order': 2,
 'path': './datasets/',
 'patience': 10,
 'program_test': 1,
 'record': 1,
 'rounds': 5,
 'saved': 1,
 'seed': 0,
 'serv_num': 5825,
 'user_num': 339,
 'verbose': 1
INFO:GraphMF:|2024-04-03 06:27:21| ********************Experiment Start*******************
INFO:GraphMF:|2024-04-03 06:29:25| Round=1 BestEpoch=22 MAE=0.3916 RMSE=1.3621 NMAE=0.4309 NRMSE=0.6271 Training_time=47.3 
INFO:GraphMF:|2024-04-03 06:29:25| Acc = [1%=0.0311, 5%=0.1505, 10%=0.2820]
INFO:GraphMF:|2024-04-03 06:31:48| Round=2 BestEpoch=29 MAE=0.3823 RMSE=1.3371 NMAE=0.4205 NRMSE=0.6154 Training_time=59.7 
INFO:GraphMF:|2024-04-03 06:31:48| Acc = [1%=0.0331, 5%=0.1585, 10%=0.2954]
INFO:GraphMF:|2024-04-03 06:34:09| Round=3 BestEpoch=28 MAE=0.3839 RMSE=1.3389 NMAE=0.4227 NRMSE=0.6169 Training_time=57.9 
INFO:GraphMF:|2024-04-03 06:34:09| Acc = [1%=0.0333, 5%=0.1585, 10%=0.2936]
INFO:GraphMF:|2024-04-03 06:36:05| Round=4 BestEpoch=20 MAE=0.3796 RMSE=1.3196 NMAE=0.4180 NRMSE=0.6079 Training_time=41.6 
INFO:GraphMF:|2024-04-03 06:36:05| Acc = [1%=0.0310, 5%=0.1494, 10%=0.2798]
INFO:GraphMF:|2024-04-03 06:38:32| Round=5 BestEpoch=30 MAE=0.3794 RMSE=1.3209 NMAE=0.4180 NRMSE=0.6087 Training_time=61.7 
INFO:GraphMF:|2024-04-03 06:38:32| Acc = [1%=0.0346, 5%=0.1655, 10%=0.3048]
INFO:GraphMF:|2024-04-03 06:38:32| ********************Experiment Results:*******************
INFO:GraphMF:|2024-04-03 06:38:32| MAE: 0.3834 ± 0.004
INFO:GraphMF:|2024-04-03 06:38:32| RMSE: 1.3357 ± 0.015
INFO:GraphMF:|2024-04-03 06:38:32| NMAE: 0.4220 ± 0.004
INFO:GraphMF:|2024-04-03 06:38:32| NRMSE: 0.6152 ± 0.006
INFO:GraphMF:|2024-04-03 06:38:32| TIME: 53.6047 ± 7.808
INFO:GraphMF:|2024-04-03 06:38:32| Acc1: 0.0326 ± 0.001
INFO:GraphMF:|2024-04-03 06:38:32| Acc5: 0.1565 ± 0.005
INFO:GraphMF:|2024-04-03 06:38:32| Acc10: 0.2911 ± 0.009
INFO:GraphMF:|2024-04-03 06:38:32| ********************Experiment Success********************
