INFO:MF:|2024-04-03 07:50:33| {'ablation': 0,
 'bs': 256,
 'classification': 0,
 'config_path': '/home/yxzeng/code_python/HyperCF/utils/../default_config.yaml',
 'dataset': 'tp',
 'debug': 0,
 'decay': 0.001,
 'density': 0.02,
 'device': 'cpu',
 'dimension': 32,
 'epochs': 300,
 'experiment': 1,
 'head_num': 2,
 'hyperNum': 128,
 'log': <utils.logger.Logger object at 0x7ff85234e940>,
 'logger': 'Experiment',
 'loss_func': 'L1Loss',
 'lr': 0.001,
 'model': 'MF',
 'num_layers': 2,
 'optim': 'AdamW',
 'order': 2,
 'path': './datasets/',
 'patience': 10,
 'program_test': 1,
 'record': 1,
 'rounds': 5,
 'saved': 1,
 'seed': 0,
 'serv_num': 5825,
 'user_num': 339,
 'verbose': 1
INFO:MF:|2024-04-03 07:50:33| ********************Experiment Start*******************
INFO:MF:|2024-04-03 07:58:26| Round=1 BestEpoch=300 MAE=1640.0505 RMSE=2201.0146 NMAE=34.5150 NRMSE=18.2747 Training_time=137.2 
INFO:MF:|2024-04-03 07:58:26| Acc = [1%=0.0002, 5%=0.0012, 10%=0.0023]
INFO:MF:|2024-04-03 08:06:17| Round=2 BestEpoch=300 MAE=1673.2455 RMSE=2243.6445 NMAE=35.1905 NRMSE=18.6130 Training_time=135.0 
INFO:MF:|2024-04-03 08:06:17| Acc = [1%=0.0002, 5%=0.0011, 10%=0.0022]
INFO:MF:|2024-04-03 08:14:07| Round=3 BestEpoch=300 MAE=1632.8984 RMSE=2184.0392 NMAE=34.3480 NRMSE=18.1216 Training_time=135.1 
INFO:MF:|2024-04-03 08:14:07| Acc = [1%=0.0002, 5%=0.0011, 10%=0.0021]
INFO:MF:|2024-04-03 08:21:58| Round=4 BestEpoch=300 MAE=1652.1754 RMSE=2195.5401 NMAE=34.7399 NRMSE=18.2159 Training_time=135.1 
INFO:MF:|2024-04-03 08:21:58| Acc = [1%=0.0002, 5%=0.0011, 10%=0.0022]
INFO:MF:|2024-04-03 08:29:49| Round=5 BestEpoch=300 MAE=1666.2544 RMSE=2227.2861 NMAE=35.0183 NRMSE=18.4612 Training_time=135.1 
INFO:MF:|2024-04-03 08:29:49| Acc = [1%=0.0002, 5%=0.0011, 10%=0.0022]
INFO:MF:|2024-04-03 08:29:49| ********************Experiment Results:*******************
INFO:MF:|2024-04-03 08:29:49| MAE: 1652.9248 ± 15.218
INFO:MF:|2024-04-03 08:29:49| RMSE: 2210.3049 ± 21.881
INFO:MF:|2024-04-03 08:29:49| NMAE: 34.7623 ± 0.310
INFO:MF:|2024-04-03 08:29:49| NRMSE: 18.3373 ± 0.176
INFO:MF:|2024-04-03 08:29:49| TIME: 135.5078 ± 0.839
INFO:MF:|2024-04-03 08:29:49| Acc1: 0.0002 ± 0.000
INFO:MF:|2024-04-03 08:29:49| Acc5: 0.0011 ± 0.000
INFO:MF:|2024-04-03 08:29:49| Acc10: 0.0022 ± 0.000
INFO:MF:|2024-04-03 08:29:49| ********************Experiment Success********************
