INFO:CSMF:|2024-04-03 05:28:05| {'ablation': 0,
 'bs': 256,
 'classification': 0,
 'config_path': '/home/yxzeng/code_python/HyperCF/utils/../default_config.yaml',
 'dataset': 'rt',
 'debug': 0,
 'decay': 0.001,
 'density': 0.05,
 'device': 'cpu',
 'dimension': 32,
 'epochs': 300,
 'experiment': 1,
 'head_num': 2,
 'hyperNum': 128,
 'log': <utils.logger.Logger object at 0x7f3876251820>,
 'logger': 'Experiment',
 'loss_func': 'L1Loss',
 'lr': 0.001,
 'model': 'CSMF',
 'num_layers': 2,
 'optim': 'AdamW',
 'order': 2,
 'path': './datasets/',
 'patience': 10,
 'program_test': 1,
 'record': 1,
 'rounds': 5,
 'saved': 1,
 'seed': 0,
 'serv_num': 5825,
 'user_num': 339,
 'verbose': 1
INFO:CSMF:|2024-04-03 05:28:05| ********************Experiment Start*******************
INFO:CSMF:|2024-04-03 05:29:26| Round=1 BestEpoch=20 MAE=0.4638 RMSE=1.3867 NMAE=0.5104 NRMSE=0.6386 Training_time=29.3 
INFO:CSMF:|2024-04-03 05:29:26| Acc = [1%=0.0174, 5%=0.0869, 10%=0.1727]
INFO:CSMF:|2024-04-03 05:30:46| Round=2 BestEpoch=20 MAE=0.4766 RMSE=1.3973 NMAE=0.5243 NRMSE=0.6431 Training_time=27.4 
INFO:CSMF:|2024-04-03 05:30:46| Acc = [1%=0.0168, 5%=0.0841, 10%=0.1673]
INFO:CSMF:|2024-04-03 05:32:03| Round=3 BestEpoch=19 MAE=0.4610 RMSE=1.3855 NMAE=0.5075 NRMSE=0.6383 Training_time=26.0 
INFO:CSMF:|2024-04-03 05:32:03| Acc = [1%=0.0170, 5%=0.0856, 10%=0.1702]
INFO:CSMF:|2024-04-03 05:33:20| Round=4 BestEpoch=19 MAE=0.4675 RMSE=1.3929 NMAE=0.5149 NRMSE=0.6418 Training_time=26.2 
INFO:CSMF:|2024-04-03 05:33:20| Acc = [1%=0.0170, 5%=0.0846, 10%=0.1682]
INFO:CSMF:|2024-04-03 05:34:37| Round=5 BestEpoch=19 MAE=0.4638 RMSE=1.3855 NMAE=0.5110 NRMSE=0.6385 Training_time=26.2 
INFO:CSMF:|2024-04-03 05:34:37| Acc = [1%=0.0174, 5%=0.0859, 10%=0.1701]
INFO:CSMF:|2024-04-03 05:34:37| ********************Experiment Results:*******************
INFO:CSMF:|2024-04-03 05:34:37| MAE: 0.4665 ± 0.005
INFO:CSMF:|2024-04-03 05:34:37| RMSE: 1.3896 ± 0.004
INFO:CSMF:|2024-04-03 05:34:37| NMAE: 0.5136 ± 0.005
INFO:CSMF:|2024-04-03 05:34:37| NRMSE: 0.6401 ± 0.002
INFO:CSMF:|2024-04-03 05:34:37| TIME: 27.0061 ± 1.232
INFO:CSMF:|2024-04-03 05:34:37| Acc1: 0.0171 ± 0.000
INFO:CSMF:|2024-04-03 05:34:37| Acc5: 0.0854 ± 0.001
INFO:CSMF:|2024-04-03 05:34:37| Acc10: 0.1697 ± 0.001
INFO:CSMF:|2024-04-03 05:34:37| ********************Experiment Success********************
