INFO:NeuCF:|2024-04-03 10:29:13| {'ablation': 0,
 'bs': 256,
 'classification': 0,
 'config_path': '/home/yxzeng/code_python/HyperCF/utils/../default_config.yaml',
 'dataset': 'tp',
 'debug': 0,
 'decay': 0.001,
 'density': 0.025,
 'device': 'cpu',
 'dimension': 32,
 'epochs': 300,
 'experiment': 1,
 'head_num': 2,
 'hyperNum': 128,
 'log': <utils.logger.Logger object at 0x7effff06c8b0>,
 'logger': 'Experiment',
 'loss_func': 'L1Loss',
 'lr': 0.001,
 'model': 'NeuCF',
 'num_layers': 2,
 'optim': 'AdamW',
 'order': 2,
 'path': './datasets/',
 'patience': 10,
 'program_test': 1,
 'record': 1,
 'rounds': 5,
 'saved': 1,
 'seed': 0,
 'serv_num': 5825,
 'user_num': 339,
 'verbose': 1
INFO:NeuCF:|2024-04-03 10:29:13| ********************Experiment Start*******************
INFO:NeuCF:|2024-04-03 10:31:52| Round=1 BestEpoch=100 MAE=24.7720 RMSE=68.7125 NMAE=0.5214 NRMSE=0.5705 Training_time=53.7 
INFO:NeuCF:|2024-04-03 10:31:52| Acc = [1%=0.0115, 5%=0.0572, 10%=0.1143]
INFO:NeuCF:|2024-04-03 10:34:01| Round=2 BestEpoch=53 MAE=25.1843 RMSE=68.6482 NMAE=0.5297 NRMSE=0.5695 Training_time=37.0 
INFO:NeuCF:|2024-04-03 10:34:01| Acc = [1%=0.0110, 5%=0.0554, 10%=0.1109]
INFO:NeuCF:|2024-04-03 10:36:01| Round=3 BestEpoch=48 MAE=25.7082 RMSE=70.3374 NMAE=0.5408 NRMSE=0.5837 Training_time=33.4 
INFO:NeuCF:|2024-04-03 10:36:01| Acc = [1%=0.0105, 5%=0.0521, 10%=0.1038]
INFO:NeuCF:|2024-04-03 10:38:45| Round=4 BestEpoch=73 MAE=24.9460 RMSE=68.3345 NMAE=0.5247 NRMSE=0.5672 Training_time=51.0 
INFO:NeuCF:|2024-04-03 10:38:45| Acc = [1%=0.0112, 5%=0.0555, 10%=0.1107]
INFO:NeuCF:|2024-04-03 10:40:38| Round=5 BestEpoch=44 MAE=25.0366 RMSE=67.9095 NMAE=0.5262 NRMSE=0.5629 Training_time=31.1 
INFO:NeuCF:|2024-04-03 10:40:38| Acc = [1%=0.0105, 5%=0.0522, 10%=0.1047]
INFO:NeuCF:|2024-04-03 10:40:38| ********************Experiment Results:*******************
INFO:NeuCF:|2024-04-03 10:40:38| MAE: 25.1294 ± 0.318
INFO:NeuCF:|2024-04-03 10:40:38| RMSE: 68.7884 ± 0.825
INFO:NeuCF:|2024-04-03 10:40:38| NMAE: 0.5285 ± 0.006
INFO:NeuCF:|2024-04-03 10:40:38| NRMSE: 0.5708 ± 0.007
INFO:NeuCF:|2024-04-03 10:40:38| TIME: 41.2518 ± 9.306
INFO:NeuCF:|2024-04-03 10:40:38| Acc1: 0.0109 ± 0.000
INFO:NeuCF:|2024-04-03 10:40:38| Acc5: 0.0545 ± 0.002
INFO:NeuCF:|2024-04-03 10:40:38| Acc10: 0.1089 ± 0.004
INFO:NeuCF:|2024-04-03 10:40:38| ********************Experiment Success********************
