INFO:NeuCF:|2024-04-03 10:49:04| {'ablation': 0,
 'bs': 256,
 'classification': 0,
 'config_path': '/home/yxzeng/code_python/HyperCF/utils/../default_config.yaml',
 'dataset': 'tp',
 'debug': 0,
 'decay': 0.001,
 'density': 0.04,
 'device': 'cpu',
 'dimension': 32,
 'epochs': 300,
 'experiment': 1,
 'head_num': 2,
 'hyperNum': 128,
 'log': <utils.logger.Logger object at 0x7f16906d2850>,
 'logger': 'Experiment',
 'loss_func': 'L1Loss',
 'lr': 0.001,
 'model': 'NeuCF',
 'num_layers': 2,
 'optim': 'AdamW',
 'order': 2,
 'path': './datasets/',
 'patience': 10,
 'program_test': 1,
 'record': 1,
 'rounds': 5,
 'saved': 1,
 'seed': 0,
 'serv_num': 5825,
 'user_num': 339,
 'verbose': 1
INFO:NeuCF:|2024-04-03 10:49:04| ********************Experiment Start*******************
INFO:NeuCF:|2024-04-03 10:53:20| Round=1 BestEpoch=96 MAE=22.7173 RMSE=63.6291 NMAE=0.4778 NRMSE=0.5279 Training_time=84.6 
INFO:NeuCF:|2024-04-03 10:53:20| Acc = [1%=0.0125, 5%=0.0627, 10%=0.1254]
INFO:NeuCF:|2024-04-03 10:56:07| Round=2 BestEpoch=71 MAE=23.3732 RMSE=63.9504 NMAE=0.4917 NRMSE=0.5306 Training_time=70.8 
INFO:NeuCF:|2024-04-03 10:56:07| Acc = [1%=0.0120, 5%=0.0598, 10%=0.1195]
INFO:NeuCF:|2024-04-03 10:58:30| Round=3 BestEpoch=71 MAE=22.7824 RMSE=62.4174 NMAE=0.4791 NRMSE=0.5177 Training_time=59.4 
INFO:NeuCF:|2024-04-03 10:58:30| Acc = [1%=0.0112, 5%=0.0562, 10%=0.1124]
INFO:NeuCF:|2024-04-03 11:07:31| Round=4 BestEpoch=125 MAE=20.3286 RMSE=59.2332 NMAE=0.4275 NRMSE=0.4916 Training_time=223.0 
INFO:NeuCF:|2024-04-03 11:07:31| Acc = [1%=0.0139, 5%=0.0691, 10%=0.1373]
INFO:NeuCF:|2024-04-03 11:11:03| Round=5 BestEpoch=79 MAE=20.9411 RMSE=60.0129 NMAE=0.4402 NRMSE=0.4975 Training_time=86.9 
INFO:NeuCF:|2024-04-03 11:11:03| Acc = [1%=0.0127, 5%=0.0634, 10%=0.1262]
INFO:NeuCF:|2024-04-03 11:11:03| ********************Experiment Results:*******************
INFO:NeuCF:|2024-04-03 11:11:03| MAE: 22.0285 ± 1.176
INFO:NeuCF:|2024-04-03 11:11:03| RMSE: 61.8486 ± 1.903
INFO:NeuCF:|2024-04-03 11:11:03| NMAE: 0.4632 ± 0.024
INFO:NeuCF:|2024-04-03 11:11:03| NRMSE: 0.5131 ± 0.015
INFO:NeuCF:|2024-04-03 11:11:03| TIME: 104.9533 ± 59.873
INFO:NeuCF:|2024-04-03 11:11:03| Acc1: 0.0125 ± 0.000
INFO:NeuCF:|2024-04-03 11:11:03| Acc5: 0.0623 ± 0.004
INFO:NeuCF:|2024-04-03 11:11:03| Acc10: 0.1242 ± 0.008
INFO:NeuCF:|2024-04-03 11:11:03| ********************Experiment Success********************
