INFO:CSMF:|2024-04-03 12:07:04| {'ablation': 0,
 'bs': 256,
 'classification': 0,
 'config_path': '/home/yxzeng/code_python/HyperCF/utils/../default_config.yaml',
 'dataset': 'tp',
 'debug': 0,
 'decay': 0.001,
 'density': 0.01,
 'device': 'cpu',
 'dimension': 32,
 'epochs': 300,
 'experiment': 1,
 'head_num': 2,
 'hyperNum': 128,
 'log': <utils.logger.Logger object at 0x7f5108a339d0>,
 'logger': 'Experiment',
 'loss_func': 'L1Loss',
 'lr': 0.001,
 'model': 'CSMF',
 'num_layers': 2,
 'optim': 'AdamW',
 'order': 2,
 'path': './datasets/',
 'patience': 10,
 'program_test': 1,
 'record': 1,
 'rounds': 5,
 'saved': 1,
 'seed': 0,
 'serv_num': 5825,
 'user_num': 339,
 'verbose': 1
INFO:CSMF:|2024-04-03 12:07:04| ********************Experiment Start*******************
INFO:CSMF:|2024-04-03 12:08:08| Round=1 BestEpoch=37 MAE=30.2646 RMSE=80.1143 NMAE=0.6368 NRMSE=0.6651 Training_time=10.4 
INFO:CSMF:|2024-04-03 12:08:08| Acc = [1%=0.0092, 5%=0.0459, 10%=0.0917]
INFO:CSMF:|2024-04-03 12:09:12| Round=2 BestEpoch=36 MAE=30.1095 RMSE=79.0991 NMAE=0.6332 NRMSE=0.6562 Training_time=10.1 
INFO:CSMF:|2024-04-03 12:09:12| Acc = [1%=0.0092, 5%=0.0463, 10%=0.0925]
INFO:CSMF:|2024-04-03 12:10:18| Round=3 BestEpoch=39 MAE=31.0396 RMSE=82.0469 NMAE=0.6529 NRMSE=0.6807 Training_time=10.9 
INFO:CSMF:|2024-04-03 12:10:18| Acc = [1%=0.0089, 5%=0.0445, 10%=0.0892]
INFO:CSMF:|2024-04-03 12:11:32| Round=4 BestEpoch=46 MAE=31.2495 RMSE=81.2776 NMAE=0.6570 NRMSE=0.6743 Training_time=12.9 
INFO:CSMF:|2024-04-03 12:11:32| Acc = [1%=0.0089, 5%=0.0442, 10%=0.0884]
INFO:CSMF:|2024-04-03 12:12:38| Round=5 BestEpoch=38 MAE=30.0767 RMSE=79.5517 NMAE=0.6323 NRMSE=0.6596 Training_time=10.7 
INFO:CSMF:|2024-04-03 12:12:38| Acc = [1%=0.0092, 5%=0.0467, 10%=0.0932]
INFO:CSMF:|2024-04-03 12:12:38| ********************Experiment Results:*******************
INFO:CSMF:|2024-04-03 12:12:38| MAE: 30.5480 ± 0.495
INFO:CSMF:|2024-04-03 12:12:38| RMSE: 80.4179 ± 1.093
INFO:CSMF:|2024-04-03 12:12:38| NMAE: 0.6424 ± 0.010
INFO:CSMF:|2024-04-03 12:12:38| NRMSE: 0.6672 ± 0.009
INFO:CSMF:|2024-04-03 12:12:38| TIME: 11.0028 ± 0.985
INFO:CSMF:|2024-04-03 12:12:38| Acc1: 0.0091 ± 0.000
INFO:CSMF:|2024-04-03 12:12:38| Acc5: 0.0455 ± 0.001
INFO:CSMF:|2024-04-03 12:12:38| Acc10: 0.0910 ± 0.001
INFO:CSMF:|2024-04-03 12:12:38| ********************Experiment Success********************
