INFO:NeuCF:|2024-04-03 09:58:49| {'ablation': 0,
 'bs': 256,
 'classification': 0,
 'config_path': '/home/yxzeng/code_python/HyperCF/utils/../default_config.yaml',
 'dataset': 'tp',
 'debug': 0,
 'decay': 0.001,
 'density': 0.01,
 'device': 'cpu',
 'dimension': 32,
 'epochs': 300,
 'experiment': 1,
 'head_num': 2,
 'hyperNum': 128,
 'log': <utils.logger.Logger object at 0x7f231dc6d820>,
 'logger': 'Experiment',
 'loss_func': 'L1Loss',
 'lr': 0.001,
 'model': 'NeuCF',
 'num_layers': 2,
 'optim': 'AdamW',
 'order': 2,
 'path': './datasets/',
 'patience': 10,
 'program_test': 1,
 'record': 1,
 'rounds': 5,
 'saved': 1,
 'seed': 0,
 'serv_num': 5825,
 'user_num': 339,
 'verbose': 1
INFO:NeuCF:|2024-04-03 09:58:49| ********************Experiment Start*******************
INFO:NeuCF:|2024-04-03 10:02:31| Round=1 BestEpoch=140 MAE=29.9906 RMSE=81.3561 NMAE=0.6311 NRMSE=0.6754 Training_time=39.9 
INFO:NeuCF:|2024-04-03 10:02:31| Acc = [1%=0.0087, 5%=0.0434, 10%=0.0872]
INFO:NeuCF:|2024-04-03 10:04:59| Round=2 BestEpoch=85 MAE=31.5027 RMSE=82.8508 NMAE=0.6625 NRMSE=0.6873 Training_time=24.5 
INFO:NeuCF:|2024-04-03 10:04:59| Acc = [1%=0.0079, 5%=0.0397, 10%=0.0793]
INFO:NeuCF:|2024-04-03 10:07:44| Round=3 BestEpoch=97 MAE=31.5876 RMSE=85.3672 NMAE=0.6644 NRMSE=0.7082 Training_time=28.0 
INFO:NeuCF:|2024-04-03 10:07:44| Acc = [1%=0.0083, 5%=0.0415, 10%=0.0829]
INFO:NeuCF:|2024-04-03 10:10:35| Round=4 BestEpoch=102 MAE=30.6665 RMSE=82.2852 NMAE=0.6448 NRMSE=0.6827 Training_time=29.4 
INFO:NeuCF:|2024-04-03 10:10:35| Acc = [1%=0.0084, 5%=0.0422, 10%=0.0845]
INFO:NeuCF:|2024-04-03 10:12:39| Round=5 BestEpoch=67 MAE=30.5510 RMSE=82.6181 NMAE=0.6423 NRMSE=0.6851 Training_time=19.4 
INFO:NeuCF:|2024-04-03 10:12:39| Acc = [1%=0.0080, 5%=0.0402, 10%=0.0804]
INFO:NeuCF:|2024-04-03 10:12:39| ********************Experiment Results:*******************
INFO:NeuCF:|2024-04-03 10:12:39| MAE: 30.8597 ± 0.605
INFO:NeuCF:|2024-04-03 10:12:39| RMSE: 82.8955 ± 1.336
INFO:NeuCF:|2024-04-03 10:12:39| NMAE: 0.6490 ± 0.012
INFO:NeuCF:|2024-04-03 10:12:39| NRMSE: 0.6877 ± 0.011
INFO:NeuCF:|2024-04-03 10:12:39| TIME: 28.2358 ± 6.773
INFO:NeuCF:|2024-04-03 10:12:39| Acc1: 0.0083 ± 0.000
INFO:NeuCF:|2024-04-03 10:12:39| Acc5: 0.0414 ± 0.001
INFO:NeuCF:|2024-04-03 10:12:39| Acc10: 0.0829 ± 0.002
INFO:NeuCF:|2024-04-03 10:12:39| ********************Experiment Success********************
