INFO:NeuCF:|2024-04-03 22:02:15| {'ablation': 0,
 'bs': 256,
 'classification': 0,
 'config_path': '/home/yxzeng/code_python/HyperCF/utils/../default_config.yaml',
 'dataset': 'rt',
 'debug': 0,
 'decay': 0.001,
 'density': 0.025,
 'device': 'cpu',
 'dimension': 32,
 'epochs': 300,
 'experiment': 1,
 'head_num': 2,
 'hyperNum': 128,
 'log': <utils.logger.Logger object at 0x7f4425aad880>,
 'logger': 'Experiment',
 'loss_func': 'L1Loss',
 'lr': 0.001,
 'model': 'NeuCF',
 'num_layers': 2,
 'optim': 'AdamW',
 'order': 2,
 'path': './datasets/',
 'patience': 10,
 'program_test': 1,
 'record': 1,
 'rounds': 5,
 'saved': 1,
 'seed': 0,
 'serv_num': 5825,
 'user_num': 339,
 'verbose': 1
INFO:NeuCF:|2024-04-03 22:02:15| ********************Experiment Start*******************
INFO:NeuCF:|2024-04-03 22:04:39| Round=1 BestEpoch=62 MAE=0.4970 RMSE=1.4685 NMAE=0.5467 NRMSE=0.6758 Training_time=41.8 
INFO:NeuCF:|2024-04-03 22:04:39| Acc = [1%=0.0131, 5%=0.0649, 10%=0.1277]
INFO:NeuCF:|2024-04-03 22:07:12| Round=2 BestEpoch=67 MAE=0.4979 RMSE=1.4765 NMAE=0.5476 NRMSE=0.6795 Training_time=45.2 
INFO:NeuCF:|2024-04-03 22:07:12| Acc = [1%=0.0138, 5%=0.0682, 10%=0.1333]
INFO:NeuCF:|2024-04-03 22:09:21| Round=3 BestEpoch=53 MAE=0.5121 RMSE=1.4461 NMAE=0.5638 NRMSE=0.6662 Training_time=36.0 
INFO:NeuCF:|2024-04-03 22:09:21| Acc = [1%=0.0126, 5%=0.0625, 10%=0.1243]
INFO:NeuCF:|2024-04-03 22:11:24| Round=4 BestEpoch=49 MAE=0.4953 RMSE=1.4420 NMAE=0.5455 NRMSE=0.6645 Training_time=33.3 
INFO:NeuCF:|2024-04-03 22:11:24| Acc = [1%=0.0129, 5%=0.0637, 10%=0.1258]
INFO:NeuCF:|2024-04-03 22:13:47| Round=5 BestEpoch=66 MAE=0.4854 RMSE=1.4304 NMAE=0.5350 NRMSE=0.6595 Training_time=44.6 
INFO:NeuCF:|2024-04-03 22:13:47| Acc = [1%=0.0134, 5%=0.0659, 10%=0.1291]
INFO:NeuCF:|2024-04-03 22:13:47| ********************Experiment Results:*******************
INFO:NeuCF:|2024-04-03 22:13:47| MAE: 0.4975 ± 0.008
INFO:NeuCF:|2024-04-03 22:13:47| RMSE: 1.4527 ± 0.017
INFO:NeuCF:|2024-04-03 22:13:47| NMAE: 0.5477 ± 0.009
INFO:NeuCF:|2024-04-03 22:13:47| NRMSE: 0.6691 ± 0.007
INFO:NeuCF:|2024-04-03 22:13:47| TIME: 40.1741 ± 4.730
INFO:NeuCF:|2024-04-03 22:13:47| Acc1: 0.0131 ± 0.000
INFO:NeuCF:|2024-04-03 22:13:47| Acc5: 0.0650 ± 0.001
INFO:NeuCF:|2024-04-03 22:13:47| Acc10: 0.1280 ± 0.003
INFO:NeuCF:|2024-04-03 22:13:47| ********************Experiment Success********************
