INFO:GATCF:|2024-04-04 01:02:15| {'ablation': 0,
 'agg': 'cat',
 'bs': 256,
 'classification': 0,
 'config_path': '/home/yxzeng/code_python/HyperCF/utils/../default_config.yaml',
 'dataset': 'rt',
 'debug': 0,
 'decay': 0.001,
 'density': 0.1,
 'device': 'cpu',
 'dimension': 32,
 'epochs': 100,
 'experiment': 1,
 'head_num': 1,
 'hyperNum': 128,
 'log': <utils.logger.Logger object at 0x7f4abbe31e20>,
 'logger': 'Experiment',
 'loss_func': 'L1Loss',
 'lr': 0.001,
 'model': 'GATCF',
 'num_layers': 2,
 'optim': 'AdamW',
 'order': 2,
 'path': './datasets/',
 'patience': 15,
 'program_test': 0,
 'record': 0,
 'rounds': 1,
 'saved': 1,
 'seed': 0,
 'serv_num': 5825,
 'user_num': 339,
 'verbose': 1
INFO:GATCF:|2024-04-04 01:02:15| ********************Experiment Start*******************
INFO:GATCF:|2024-04-04 01:07:08| Round=1 BestEpoch=27 MAE=0.3261 RMSE=1.2226 NMAE=0.3590 NRMSE=0.5632 Training_time=146.5 
INFO:GATCF:|2024-04-04 01:07:08| Acc = [1%=0.0446, 5%=0.2058, 10%=0.3686]
INFO:GATCF:|2024-04-04 01:07:08| ********************Experiment Results:*******************
INFO:GATCF:|2024-04-04 01:07:08| MAE: 0.3261 ± 0.000
INFO:GATCF:|2024-04-04 01:07:08| RMSE: 1.2226 ± 0.000
INFO:GATCF:|2024-04-04 01:07:08| NMAE: 0.3590 ± 0.000
INFO:GATCF:|2024-04-04 01:07:08| NRMSE: 0.5632 ± 0.000
INFO:GATCF:|2024-04-04 01:07:08| TIME: 146.5416 ± 0.000
INFO:GATCF:|2024-04-04 01:07:08| Acc1: 0.0446 ± 0.000
INFO:GATCF:|2024-04-04 01:07:08| Acc5: 0.2058 ± 0.000
INFO:GATCF:|2024-04-04 01:07:08| Acc10: 0.3686 ± 0.000
INFO:GATCF:|2024-04-04 01:07:08| ********************Experiment Success********************
