INFO:GATCF:|2024-04-02 15:20:35| {'ablation': 0,
 'bs': 256,
 'classification': 0,
 'config_path': '/home/yxzeng/code_python/HyperCF/utils/../default_config.yaml',
 'dataset': 'rt',
 'debug': 0,
 'decay': 0.001,
 'density': 0.03,
 'device': 'cuda',
 'dimension': 32,
 'epochs': 300,
 'experiment': 1,
 'head_num': 2,
 'log': <utils.logger.Logger object at 0x7f81115a22e0>,
 'logger': 'Experiment',
 'loss_func': 'L1Loss',
 'lr': 0.001,
 'model': 'GATCF',
 'optim': 'AdamW',
 'order': 1,
 'path': './datasets/',
 'patience': 10,
 'program_test': 1,
 'record': 1,
 'rounds': 5,
 'saved': 1,
 'seed': 0,
 'serv_num': 5825,
 'user_num': 339,
 'verbose': 1
INFO:GATCF:|2024-04-02 15:20:35| ********************Experiment Start*******************
INFO:GATCF:|2024-04-02 15:25:03| Round=1 BestEpoch=36 MAE=0.3934 RMSE=1.3593 NMAE=0.4328 NRMSE=0.6256 Training_time=106.3 
INFO:GATCF:|2024-04-02 15:25:03| Acc = [1%=0.0336, 5%=0.1606, 10%=0.2960]
INFO:GATCF:|2024-04-02 15:28:27| Round=2 BestEpoch=22 MAE=0.3878 RMSE=1.3507 NMAE=0.4265 NRMSE=0.6216 Training_time=65.6 
INFO:GATCF:|2024-04-02 15:28:27| Acc = [1%=0.0314, 5%=0.1510, 10%=0.2814]
INFO:GATCF:|2024-04-02 15:32:05| Round=3 BestEpoch=25 MAE=0.3848 RMSE=1.3444 NMAE=0.4236 NRMSE=0.6193 Training_time=66.8 
INFO:GATCF:|2024-04-02 15:32:05| Acc = [1%=0.0292, 5%=0.1420, 10%=0.2691]
INFO:GATCF:|2024-04-02 15:35:28| Round=4 BestEpoch=22 MAE=0.3876 RMSE=1.3393 NMAE=0.4269 NRMSE=0.6171 Training_time=62.2 
INFO:GATCF:|2024-04-02 15:35:28| Acc = [1%=0.0294, 5%=0.1441, 10%=0.2728]
INFO:GATCF:|2024-04-02 15:38:51| Round=5 BestEpoch=26 MAE=0.3860 RMSE=1.3405 NMAE=0.4254 NRMSE=0.6179 Training_time=77.6 
INFO:GATCF:|2024-04-02 15:38:51| Acc = [1%=0.0307, 5%=0.1521, 10%=0.2869]
INFO:GATCF:|2024-04-02 15:38:51| ********************Experiment Results:*******************
INFO:GATCF:|2024-04-02 15:38:51| MAE: 0.3879 ± 0.003
INFO:GATCF:|2024-04-02 15:38:51| RMSE: 1.3468 ± 0.007
INFO:GATCF:|2024-04-02 15:38:51| NMAE: 0.4270 ± 0.003
INFO:GATCF:|2024-04-02 15:38:51| NRMSE: 0.6203 ± 0.003
INFO:GATCF:|2024-04-02 15:38:51| TIME: 75.7162 ± 16.122
INFO:GATCF:|2024-04-02 15:38:51| Acc1: 0.0309 ± 0.001
INFO:GATCF:|2024-04-02 15:38:51| Acc5: 0.1500 ± 0.006
INFO:GATCF:|2024-04-02 15:38:51| Acc10: 0.2812 ± 0.009
INFO:GATCF:|2024-04-02 15:38:51| ********************Experiment Success********************
