INFO:CSMF:|2024-04-03 05:09:59| {'ablation': 0,
 'bs': 256,
 'classification': 0,
 'config_path': '/home/yxzeng/code_python/HyperCF/utils/../default_config.yaml',
 'dataset': 'rt',
 'debug': 0,
 'decay': 0.001,
 'density': 0.025,
 'device': 'cpu',
 'dimension': 32,
 'epochs': 300,
 'experiment': 1,
 'head_num': 2,
 'hyperNum': 128,
 'log': <utils.logger.Logger object at 0x7f882a4396d0>,
 'logger': 'Experiment',
 'loss_func': 'L1Loss',
 'lr': 0.001,
 'model': 'CSMF',
 'num_layers': 2,
 'optim': 'AdamW',
 'order': 2,
 'path': './datasets/',
 'patience': 10,
 'program_test': 1,
 'record': 1,
 'rounds': 5,
 'saved': 1,
 'seed': 0,
 'serv_num': 5825,
 'user_num': 339,
 'verbose': 1
INFO:CSMF:|2024-04-03 05:09:59| ********************Experiment Start*******************
INFO:CSMF:|2024-04-03 05:11:08| Round=1 BestEpoch=24 MAE=0.5634 RMSE=1.5452 NMAE=0.6197 NRMSE=0.7110 Training_time=20.1 
INFO:CSMF:|2024-04-03 05:11:08| Acc = [1%=0.0125, 5%=0.0627, 10%=0.1243]
INFO:CSMF:|2024-04-03 05:12:13| Round=2 BestEpoch=23 MAE=0.5828 RMSE=1.5696 NMAE=0.6410 NRMSE=0.7223 Training_time=17.2 
INFO:CSMF:|2024-04-03 05:12:13| Acc = [1%=0.0122, 5%=0.0604, 10%=0.1211]
INFO:CSMF:|2024-04-03 05:13:22| Round=3 BestEpoch=25 MAE=0.5705 RMSE=1.5448 NMAE=0.6281 NRMSE=0.7117 Training_time=18.7 
INFO:CSMF:|2024-04-03 05:13:22| Acc = [1%=0.0123, 5%=0.0613, 10%=0.1223]
INFO:CSMF:|2024-04-03 05:14:27| Round=4 BestEpoch=23 MAE=0.5662 RMSE=1.5248 NMAE=0.6236 NRMSE=0.7027 Training_time=17.2 
INFO:CSMF:|2024-04-03 05:14:27| Acc = [1%=0.0121, 5%=0.0605, 10%=0.1208]
INFO:CSMF:|2024-04-03 05:15:28| Round=5 BestEpoch=20 MAE=0.5619 RMSE=1.5291 NMAE=0.6193 NRMSE=0.7049 Training_time=15.0 
INFO:CSMF:|2024-04-03 05:15:28| Acc = [1%=0.0124, 5%=0.0628, 10%=0.1251]
INFO:CSMF:|2024-04-03 05:15:28| ********************Experiment Results:*******************
INFO:CSMF:|2024-04-03 05:15:28| MAE: 0.5690 ± 0.007
INFO:CSMF:|2024-04-03 05:15:28| RMSE: 1.5427 ± 0.015
INFO:CSMF:|2024-04-03 05:15:28| NMAE: 0.6264 ± 0.008
INFO:CSMF:|2024-04-03 05:15:28| NRMSE: 0.7105 ± 0.006
INFO:CSMF:|2024-04-03 05:15:28| TIME: 17.6353 ± 1.699
INFO:CSMF:|2024-04-03 05:15:28| Acc1: 0.0123 ± 0.000
INFO:CSMF:|2024-04-03 05:15:28| Acc5: 0.0615 ± 0.001
INFO:CSMF:|2024-04-03 05:15:28| Acc10: 0.1227 ± 0.001
INFO:CSMF:|2024-04-03 05:15:28| ********************Experiment Success********************
