INFO:NeuCF:|2024-04-03 11:30:01| {'ablation': 0,
 'bs': 256,
 'classification': 0,
 'config_path': '/home/yxzeng/code_python/HyperCF/utils/../default_config.yaml',
 'dataset': 'tp',
 'debug': 0,
 'decay': 0.001,
 'density': 0.075,
 'device': 'cpu',
 'dimension': 32,
 'epochs': 300,
 'experiment': 1,
 'head_num': 2,
 'hyperNum': 128,
 'log': <utils.logger.Logger object at 0x7f596c70e9d0>,
 'logger': 'Experiment',
 'loss_func': 'L1Loss',
 'lr': 0.001,
 'model': 'NeuCF',
 'num_layers': 2,
 'optim': 'AdamW',
 'order': 2,
 'path': './datasets/',
 'patience': 10,
 'program_test': 1,
 'record': 1,
 'rounds': 5,
 'saved': 1,
 'seed': 0,
 'serv_num': 5825,
 'user_num': 339,
 'verbose': 1
INFO:NeuCF:|2024-04-03 11:30:01| ********************Experiment Start*******************
INFO:NeuCF:|2024-04-03 11:33:30| Round=1 BestEpoch=62 MAE=17.4340 RMSE=51.7793 NMAE=0.3669 NRMSE=0.4300 Training_time=107.5 
INFO:NeuCF:|2024-04-03 11:33:30| Acc = [1%=0.0160, 5%=0.0808, 10%=0.1609]
INFO:NeuCF:|2024-04-03 11:38:12| Round=2 BestEpoch=76 MAE=16.9215 RMSE=50.1450 NMAE=0.3561 NRMSE=0.4162 Training_time=154.6 
INFO:NeuCF:|2024-04-03 11:38:12| Acc = [1%=0.0164, 5%=0.0819, 10%=0.1618]
INFO:NeuCF:|2024-04-03 11:42:08| Round=3 BestEpoch=61 MAE=17.4790 RMSE=52.1054 NMAE=0.3676 NRMSE=0.4324 Training_time=123.9 
INFO:NeuCF:|2024-04-03 11:42:08| Acc = [1%=0.0163, 5%=0.0806, 10%=0.1599]
INFO:NeuCF:|2024-04-03 11:45:34| Round=4 BestEpoch=51 MAE=16.8035 RMSE=52.4442 NMAE=0.3531 NRMSE=0.4351 Training_time=103.6 
INFO:NeuCF:|2024-04-03 11:45:34| Acc = [1%=0.0196, 5%=0.0983, 10%=0.1931]
INFO:NeuCF:|2024-04-03 11:48:59| Round=5 BestEpoch=51 MAE=17.4017 RMSE=53.8176 NMAE=0.3658 NRMSE=0.4461 Training_time=103.8 
INFO:NeuCF:|2024-04-03 11:48:59| Acc = [1%=0.0175, 5%=0.0867, 10%=0.1720]
INFO:NeuCF:|2024-04-03 11:48:59| ********************Experiment Results:*******************
INFO:NeuCF:|2024-04-03 11:48:59| MAE: 17.2079 ± 0.285
INFO:NeuCF:|2024-04-03 11:48:59| RMSE: 52.0583 ± 1.181
INFO:NeuCF:|2024-04-03 11:48:59| NMAE: 0.3619 ± 0.006
INFO:NeuCF:|2024-04-03 11:48:59| NRMSE: 0.4320 ± 0.009
INFO:NeuCF:|2024-04-03 11:48:59| TIME: 118.7143 ± 19.445
INFO:NeuCF:|2024-04-03 11:48:59| Acc1: 0.0172 ± 0.001
INFO:NeuCF:|2024-04-03 11:48:59| Acc5: 0.0857 ± 0.006
INFO:NeuCF:|2024-04-03 11:48:59| Acc10: 0.1695 ± 0.012
INFO:NeuCF:|2024-04-03 11:48:59| ********************Experiment Success********************
