INFO:GATCF:|2024-04-02 15:06:32| {'ablation': 0,
 'bs': 256,
 'classification': 0,
 'config_path': '/home/yxzeng/code_python/HyperCF/utils/../default_config.yaml',
 'dataset': 'rt',
 'debug': 0,
 'decay': 0.001,
 'density': 0.02,
 'device': 'cuda',
 'dimension': 32,
 'epochs': 300,
 'experiment': 1,
 'head_num': 2,
 'log': <utils.logger.Logger object at 0x7fc7f5fcc2e0>,
 'logger': 'Experiment',
 'loss_func': 'L1Loss',
 'lr': 0.001,
 'model': 'GATCF',
 'optim': 'AdamW',
 'order': 1,
 'path': './datasets/',
 'patience': 10,
 'program_test': 1,
 'record': 1,
 'rounds': 5,
 'saved': 1,
 'seed': 0,
 'serv_num': 5825,
 'user_num': 339,
 'verbose': 1
INFO:GATCF:|2024-04-02 15:06:32| ********************Experiment Start*******************
INFO:GATCF:|2024-04-02 15:09:27| Round=1 BestEpoch=24 MAE=0.4263 RMSE=1.3989 NMAE=0.4690 NRMSE=0.6439 Training_time=50.6 
INFO:GATCF:|2024-04-02 15:09:27| Acc = [1%=0.0268, 5%=0.1303, 10%=0.2475]
INFO:GATCF:|2024-04-02 15:13:03| Round=2 BestEpoch=27 MAE=0.4149 RMSE=1.3802 NMAE=0.4565 NRMSE=0.6354 Training_time=57.5 
INFO:GATCF:|2024-04-02 15:13:03| Acc = [1%=0.0257, 5%=0.1261, 10%=0.2406]
INFO:GATCF:|2024-04-02 15:15:13| Round=3 BestEpoch=17 MAE=0.4236 RMSE=1.3943 NMAE=0.4664 NRMSE=0.6424 Training_time=32.6 
INFO:GATCF:|2024-04-02 15:15:13| Acc = [1%=0.0258, 5%=0.1259, 10%=0.2405]
INFO:GATCF:|2024-04-02 15:17:43| Round=4 BestEpoch=22 MAE=0.4167 RMSE=1.3851 NMAE=0.4589 NRMSE=0.6382 Training_time=40.1 
INFO:GATCF:|2024-04-02 15:17:43| Acc = [1%=0.0265, 5%=0.1302, 10%=0.2473]
INFO:GATCF:|2024-04-02 15:20:33| Round=5 BestEpoch=18 MAE=0.4208 RMSE=1.3960 NMAE=0.4637 NRMSE=0.6435 Training_time=36.6 
INFO:GATCF:|2024-04-02 15:20:33| Acc = [1%=0.0263, 5%=0.1279, 10%=0.2425]
INFO:GATCF:|2024-04-02 15:20:33| ********************Experiment Results:*******************
INFO:GATCF:|2024-04-02 15:20:33| MAE: 0.4205 ± 0.004
INFO:GATCF:|2024-04-02 15:20:33| RMSE: 1.3909 ± 0.007
INFO:GATCF:|2024-04-02 15:20:33| NMAE: 0.4629 ± 0.004
INFO:GATCF:|2024-04-02 15:20:33| NRMSE: 0.6407 ± 0.003
INFO:GATCF:|2024-04-02 15:20:33| TIME: 43.4682 ± 9.224
INFO:GATCF:|2024-04-02 15:20:33| Acc1: 0.0262 ± 0.000
INFO:GATCF:|2024-04-02 15:20:33| Acc5: 0.1281 ± 0.001
INFO:GATCF:|2024-04-02 15:20:33| Acc10: 0.2437 ± 0.003
INFO:GATCF:|2024-04-02 15:20:33| ********************Experiment Success********************
