INFO:MF:|2024-04-03 08:29:50| {'ablation': 0,
 'bs': 256,
 'classification': 0,
 'config_path': '/home/yxzeng/code_python/HyperCF/utils/../default_config.yaml',
 'dataset': 'tp',
 'debug': 0,
 'decay': 0.001,
 'density': 0.025,
 'device': 'cpu',
 'dimension': 32,
 'epochs': 300,
 'experiment': 1,
 'head_num': 2,
 'hyperNum': 128,
 'log': <utils.logger.Logger object at 0x7fe88646d8e0>,
 'logger': 'Experiment',
 'loss_func': 'L1Loss',
 'lr': 0.001,
 'model': 'MF',
 'num_layers': 2,
 'optim': 'AdamW',
 'order': 2,
 'path': './datasets/',
 'patience': 10,
 'program_test': 1,
 'record': 1,
 'rounds': 5,
 'saved': 1,
 'seed': 0,
 'serv_num': 5825,
 'user_num': 339,
 'verbose': 1
INFO:MF:|2024-04-03 08:29:50| ********************Experiment Start*******************
INFO:MF:|2024-04-03 08:40:23| Round=1 BestEpoch=300 MAE=1052.8792 RMSE=1502.8485 NMAE=22.1593 NRMSE=12.4786 Training_time=207.1 
INFO:MF:|2024-04-03 08:40:23| Acc = [1%=0.0005, 5%=0.0022, 10%=0.0043]
INFO:MF:|2024-04-03 08:48:42| Round=2 BestEpoch=300 MAE=1062.0549 RMSE=1523.5322 NMAE=22.3374 NRMSE=12.6396 Training_time=167.4 
INFO:MF:|2024-04-03 08:48:42| Acc = [1%=0.0004, 5%=0.0021, 10%=0.0043]
INFO:MF:|2024-04-03 08:57:01| Round=3 BestEpoch=300 MAE=1059.8554 RMSE=1496.9886 NMAE=22.2951 NRMSE=12.4223 Training_time=167.5 
INFO:MF:|2024-04-03 08:57:01| Acc = [1%=0.0004, 5%=0.0020, 10%=0.0039]
INFO:MF:|2024-04-03 09:05:20| Round=4 BestEpoch=300 MAE=1077.4847 RMSE=1504.9473 NMAE=22.6613 NRMSE=12.4912 Training_time=167.5 
INFO:MF:|2024-04-03 09:05:20| Acc = [1%=0.0004, 5%=0.0019, 10%=0.0038]
INFO:MF:|2024-04-03 09:13:41| Round=5 BestEpoch=300 MAE=1071.8622 RMSE=1526.6654 NMAE=22.5285 NRMSE=12.6544 Training_time=169.1 
INFO:MF:|2024-04-03 09:13:41| Acc = [1%=0.0004, 5%=0.0019, 10%=0.0039]
INFO:MF:|2024-04-03 09:13:41| ********************Experiment Results:*******************
INFO:MF:|2024-04-03 09:13:41| MAE: 1064.8273 ± 8.773
INFO:MF:|2024-04-03 09:13:41| RMSE: 1510.9964 ± 11.847
INFO:MF:|2024-04-03 09:13:41| NMAE: 22.3963 ± 0.177
INFO:MF:|2024-04-03 09:13:41| NRMSE: 12.5372 ± 0.092
INFO:MF:|2024-04-03 09:13:41| TIME: 175.7160 ± 15.693
INFO:MF:|2024-04-03 09:13:41| Acc1: 0.0004 ± 0.000
INFO:MF:|2024-04-03 09:13:41| Acc5: 0.0020 ± 0.000
INFO:MF:|2024-04-03 09:13:41| Acc10: 0.0040 ± 0.000
INFO:MF:|2024-04-03 09:13:41| ********************Experiment Success********************
