INFO:GATCF:|2024-04-02 16:21:37| {'ablation': 0,
 'bs': 256,
 'classification': 0,
 'config_path': '/home/yxzeng/code_python/HyperCF/utils/../default_config.yaml',
 'dataset': 'tp',
 'debug': 0,
 'decay': 0.001,
 'density': 0.02,
 'device': 'cuda',
 'dimension': 32,
 'epochs': 300,
 'experiment': 1,
 'head_num': 2,
 'log': <utils.logger.Logger object at 0x7fadedcc92e0>,
 'logger': 'Experiment',
 'loss_func': 'L1Loss',
 'lr': 0.001,
 'model': 'GATCF',
 'optim': 'AdamW',
 'order': 1,
 'path': './datasets/',
 'patience': 10,
 'program_test': 1,
 'record': 1,
 'rounds': 5,
 'saved': 1,
 'seed': 0,
 'serv_num': 5825,
 'user_num': 339,
 'verbose': 1
INFO:GATCF:|2024-04-02 16:21:37| ********************Experiment Start*******************
INFO:GATCF:|2024-04-02 16:24:41| Round=1 BestEpoch=59 MAE=16.7362 RMSE=54.2548 NMAE=0.3522 NRMSE=0.4505 Training_time=76.9 
INFO:GATCF:|2024-04-02 16:24:41| Acc = [1%=0.0261, 5%=0.1285, 10%=0.2457]
INFO:GATCF:|2024-04-02 16:28:26| Round=2 BestEpoch=76 MAE=16.7543 RMSE=54.7370 NMAE=0.3524 NRMSE=0.4541 Training_time=98.8 
INFO:GATCF:|2024-04-02 16:28:26| Acc = [1%=0.0256, 5%=0.1271, 10%=0.2446]
INFO:GATCF:|2024-04-02 16:30:44| Round=3 BestEpoch=41 MAE=17.6760 RMSE=57.0601 NMAE=0.3718 NRMSE=0.4734 Training_time=53.5 
INFO:GATCF:|2024-04-02 16:30:44| Acc = [1%=0.0241, 5%=0.1199, 10%=0.2326]
INFO:GATCF:|2024-04-02 16:33:56| Round=4 BestEpoch=62 MAE=17.3007 RMSE=57.1694 NMAE=0.3638 NRMSE=0.4743 Training_time=81.8 
INFO:GATCF:|2024-04-02 16:33:56| Acc = [1%=0.0243, 5%=0.1197, 10%=0.2330]
INFO:GATCF:|2024-04-02 16:38:30| Round=5 BestEpoch=95 MAE=16.6796 RMSE=54.4377 NMAE=0.3505 NRMSE=0.4512 Training_time=126.0 
INFO:GATCF:|2024-04-02 16:38:30| Acc = [1%=0.0258, 5%=0.1277, 10%=0.2450]
INFO:GATCF:|2024-04-02 16:38:30| ********************Experiment Results:*******************
INFO:GATCF:|2024-04-02 16:38:30| MAE: 17.0293 ± 0.393
INFO:GATCF:|2024-04-02 16:38:30| RMSE: 55.5318 ± 1.302
INFO:GATCF:|2024-04-02 16:38:30| NMAE: 0.3581 ± 0.008
INFO:GATCF:|2024-04-02 16:38:30| NRMSE: 0.4607 ± 0.010
INFO:GATCF:|2024-04-02 16:38:30| TIME: 87.3997 ± 24.102
INFO:GATCF:|2024-04-02 16:38:30| Acc1: 0.0252 ± 0.000
INFO:GATCF:|2024-04-02 16:38:30| Acc5: 0.1246 ± 0.003
INFO:GATCF:|2024-04-02 16:38:30| Acc10: 0.2402 ± 0.006
INFO:GATCF:|2024-04-02 16:38:30| ********************Experiment Success********************
