INFO:MF:|2024-04-03 00:57:26| {'ablation': 0,
 'bs': 256,
 'classification': 0,
 'config_path': '/home/yxzeng/code_python/HyperCF/utils/../default_config.yaml',
 'dataset': 'rt',
 'debug': 0,
 'decay': 0.001,
 'density': 0.025,
 'device': 'cpu',
 'dimension': 32,
 'epochs': 300,
 'experiment': 1,
 'head_num': 2,
 'hyperNum': 128,
 'log': <utils.logger.Logger object at 0x7f313acd2880>,
 'logger': 'Experiment',
 'loss_func': 'L1Loss',
 'lr': 0.001,
 'model': 'MF',
 'num_layers': 2,
 'optim': 'AdamW',
 'order': 2,
 'path': './datasets/',
 'patience': 10,
 'program_test': 1,
 'record': 1,
 'rounds': 5,
 'saved': 1,
 'seed': 0,
 'serv_num': 5825,
 'user_num': 339,
 'verbose': 1
INFO:MF:|2024-04-03 00:57:26| ********************Experiment Start*******************
INFO:MF:|2024-04-03 01:03:28| Round=1 BestEpoch=300 MAE=20.7516 RMSE=29.7239 NMAE=22.8250 NRMSE=13.6781 Training_time=124.8 
INFO:MF:|2024-04-03 01:03:28| Acc = [1%=0.0004, 5%=0.0022, 10%=0.0044]
INFO:MF:|2024-04-03 01:09:27| Round=2 BestEpoch=300 MAE=21.9699 RMSE=31.4213 NMAE=24.1644 NRMSE=14.4607 Training_time=122.6 
INFO:MF:|2024-04-03 01:09:27| Acc = [1%=0.0005, 5%=0.0022, 10%=0.0045]
INFO:MF:|2024-04-03 01:15:27| Round=3 BestEpoch=300 MAE=21.0481 RMSE=29.8037 NMAE=23.1725 NRMSE=13.7308 Training_time=122.8 
INFO:MF:|2024-04-03 01:15:27| Acc = [1%=0.0004, 5%=0.0022, 10%=0.0044]
INFO:MF:|2024-04-03 01:21:27| Round=4 BestEpoch=300 MAE=21.3558 RMSE=29.9158 NMAE=23.5220 NRMSE=13.7864 Training_time=122.9 
INFO:MF:|2024-04-03 01:21:27| Acc = [1%=0.0004, 5%=0.0021, 10%=0.0041]
INFO:MF:|2024-04-03 01:27:27| Round=5 BestEpoch=300 MAE=21.7559 RMSE=30.7215 NMAE=23.9771 NRMSE=14.1637 Training_time=123.1 
INFO:MF:|2024-04-03 01:27:27| Acc = [1%=0.0004, 5%=0.0020, 10%=0.0041]
INFO:MF:|2024-04-03 01:27:27| ********************Experiment Results:*******************
INFO:MF:|2024-04-03 01:27:27| MAE: 21.3763 ± 0.446
INFO:MF:|2024-04-03 01:27:27| RMSE: 30.3173 ± 0.657
INFO:MF:|2024-04-03 01:27:27| NMAE: 23.5322 ± 0.495
INFO:MF:|2024-04-03 01:27:27| NRMSE: 13.9639 ± 0.301
INFO:MF:|2024-04-03 01:27:27| TIME: 123.2403 ± 0.798
INFO:MF:|2024-04-03 01:27:27| Acc1: 0.0004 ± 0.000
INFO:MF:|2024-04-03 01:27:27| Acc5: 0.0021 ± 0.000
INFO:MF:|2024-04-03 01:27:27| Acc10: 0.0043 ± 0.000
INFO:MF:|2024-04-03 01:27:27| ********************Experiment Success********************
