INFO:GraphMF:|2024-04-03 14:28:50| {'ablation': 0,
 'bs': 256,
 'classification': 0,
 'config_path': '/home/yxzeng/code_python/HyperCF/utils/../default_config.yaml',
 'dataset': 'tp',
 'debug': 0,
 'decay': 0.001,
 'density': 0.075,
 'device': 'cpu',
 'dimension': 32,
 'epochs': 300,
 'experiment': 1,
 'head_num': 2,
 'hyperNum': 128,
 'log': <utils.logger.Logger object at 0x7f81b93928e0>,
 'logger': 'Experiment',
 'loss_func': 'L1Loss',
 'lr': 0.001,
 'model': 'GraphMF',
 'num_layers': 2,
 'optim': 'AdamW',
 'order': 2,
 'path': './datasets/',
 'patience': 10,
 'program_test': 1,
 'record': 1,
 'rounds': 5,
 'saved': 1,
 'seed': 0,
 'serv_num': 5825,
 'user_num': 339,
 'verbose': 1
INFO:GraphMF:|2024-04-03 14:28:50| ********************Experiment Start*******************
INFO:GraphMF:|2024-04-03 14:32:21| Round=1 BestEpoch=40 MAE=12.4841 RMSE=43.0463 NMAE=0.2628 NRMSE=0.3575 Training_time=125.4 
INFO:GraphMF:|2024-04-03 14:32:21| Acc = [1%=0.0369, 5%=0.1781, 10%=0.3264]
INFO:GraphMF:|2024-04-03 14:35:07| Round=2 BestEpoch=29 MAE=13.1650 RMSE=44.9772 NMAE=0.2770 NRMSE=0.3733 Training_time=90.3 
INFO:GraphMF:|2024-04-03 14:35:07| Acc = [1%=0.0284, 5%=0.1406, 10%=0.2729]
INFO:GraphMF:|2024-04-03 14:38:47| Round=3 BestEpoch=43 MAE=12.5616 RMSE=43.8848 NMAE=0.2642 NRMSE=0.3641 Training_time=132.8 
INFO:GraphMF:|2024-04-03 14:38:47| Acc = [1%=0.0386, 5%=0.1856, 10%=0.3352]
INFO:GraphMF:|2024-04-03 14:44:02| Round=4 BestEpoch=51 MAE=12.1937 RMSE=42.5984 NMAE=0.2562 NRMSE=0.3534 Training_time=190.7 
INFO:GraphMF:|2024-04-03 14:44:02| Acc = [1%=0.0406, 5%=0.1932, 10%=0.3448]
INFO:GraphMF:|2024-04-03 14:48:10| Round=5 BestEpoch=37 MAE=12.7689 RMSE=44.0529 NMAE=0.2684 NRMSE=0.3652 Training_time=139.7 
INFO:GraphMF:|2024-04-03 14:48:10| Acc = [1%=0.0344, 5%=0.1679, 10%=0.3135]
INFO:GraphMF:|2024-04-03 14:48:10| ********************Experiment Results:*******************
INFO:GraphMF:|2024-04-03 14:48:10| MAE: 12.6347 ± 0.323
INFO:GraphMF:|2024-04-03 14:48:10| RMSE: 43.7119 ± 0.828
INFO:GraphMF:|2024-04-03 14:48:10| NMAE: 0.2657 ± 0.006
INFO:GraphMF:|2024-04-03 14:48:10| NRMSE: 0.3627 ± 0.006
INFO:GraphMF:|2024-04-03 14:48:10| TIME: 135.8005 ± 32.302
INFO:GraphMF:|2024-04-03 14:48:10| Acc1: 0.0358 ± 0.004
INFO:GraphMF:|2024-04-03 14:48:10| Acc5: 0.1731 ± 0.018
INFO:GraphMF:|2024-04-03 14:48:10| Acc10: 0.3186 ± 0.025
INFO:GraphMF:|2024-04-03 14:48:10| ********************Experiment Success********************
