INFO:GATCF:|2024-04-02 15:38:52| {'ablation': 0,
 'bs': 256,
 'classification': 0,
 'config_path': '/home/yxzeng/code_python/HyperCF/utils/../default_config.yaml',
 'dataset': 'rt',
 'debug': 0,
 'decay': 0.001,
 'density': 0.04,
 'device': 'cuda',
 'dimension': 32,
 'epochs': 300,
 'experiment': 1,
 'head_num': 2,
 'log': <utils.logger.Logger object at 0x7f763e6472e0>,
 'logger': 'Experiment',
 'loss_func': 'L1Loss',
 'lr': 0.001,
 'model': 'GATCF',
 'optim': 'AdamW',
 'order': 1,
 'path': './datasets/',
 'patience': 10,
 'program_test': 1,
 'record': 1,
 'rounds': 5,
 'saved': 1,
 'seed': 0,
 'serv_num': 5825,
 'user_num': 339,
 'verbose': 1
INFO:GATCF:|2024-04-02 15:38:52| ********************Experiment Start*******************
INFO:GATCF:|2024-04-02 15:42:41| Round=1 BestEpoch=27 MAE=0.3696 RMSE=1.3146 NMAE=0.4067 NRMSE=0.6052 Training_time=93.2 
INFO:GATCF:|2024-04-02 15:42:41| Acc = [1%=0.0349, 5%=0.1666, 10%=0.3074]
INFO:GATCF:|2024-04-02 15:47:00| Round=2 BestEpoch=27 MAE=0.3667 RMSE=1.3089 NMAE=0.4034 NRMSE=0.6024 Training_time=97.2 
INFO:GATCF:|2024-04-02 15:47:00| Acc = [1%=0.0346, 5%=0.1657, 10%=0.3058]
INFO:GATCF:|2024-04-02 15:51:09| Round=3 BestEpoch=34 MAE=0.3754 RMSE=1.3335 NMAE=0.4134 NRMSE=0.6144 Training_time=126.9 
INFO:GATCF:|2024-04-02 15:51:09| Acc = [1%=0.0367, 5%=0.1738, 10%=0.3164]
INFO:GATCF:|2024-04-02 15:53:46| Round=4 BestEpoch=28 MAE=0.3686 RMSE=1.3074 NMAE=0.4059 NRMSE=0.6023 Training_time=72.6 
INFO:GATCF:|2024-04-02 15:53:46| Acc = [1%=0.0357, 5%=0.1695, 10%=0.3100]
INFO:GATCF:|2024-04-02 15:56:13| Round=5 BestEpoch=24 MAE=0.3712 RMSE=1.3191 NMAE=0.4090 NRMSE=0.6079 Training_time=62.1 
INFO:GATCF:|2024-04-02 15:56:13| Acc = [1%=0.0320, 5%=0.1534, 10%=0.2887]
INFO:GATCF:|2024-04-02 15:56:13| ********************Experiment Results:*******************
INFO:GATCF:|2024-04-02 15:56:13| MAE: 0.3703 ± 0.002
INFO:GATCF:|2024-04-02 15:56:13| RMSE: 1.3167 ± 0.009
INFO:GATCF:|2024-04-02 15:56:13| NMAE: 0.4077 ± 0.003
INFO:GATCF:|2024-04-02 15:56:13| NRMSE: 0.6064 ± 0.004
INFO:GATCF:|2024-04-02 15:56:13| TIME: 90.4231 ± 22.390
INFO:GATCF:|2024-04-02 15:56:13| Acc1: 0.0348 ± 0.001
INFO:GATCF:|2024-04-02 15:56:13| Acc5: 0.1658 ± 0.006
INFO:GATCF:|2024-04-02 15:56:13| Acc10: 0.3056 ± 0.009
INFO:GATCF:|2024-04-02 15:56:13| ********************Experiment Success********************
